#
# A fatal error has been detected by the Java Runtime Environment:
#
#  SIGSEGV (0xb) at pc=0x00007f055d0696ba, pid=3767, tid=139660781524736
#
# JRE version: Java(TM) SE Runtime Environment (8.0_91-b14) (build 1.8.0_91-b14)
# Java VM: Java HotSpot(TM) 64-Bit Server VM (25.91-b14 mixed mode linux-amd64 compressed oops)
# Problematic frame:
# v  ~BufferBlob::jni_fast_GetLongField
#
# Failed to write core dump. Core dumps have been disabled. To enable core dumping, try "ulimit -c unlimited" before starting Java again
#
# If you would like to submit a bug report, please visit:
#   http://bugreport.java.com/bugreport/crash.jsp
# The crash happened outside the Java Virtual Machine in native code.
# See problematic frame for where to report the bug.
#

---------------  T H R E A D  ---------------

Current thread (0x00007f056c282800):  JavaThread "AWT-XAWT" daemon [_thread_in_native, id=3791, stack(0x00007f054f359000,0x00007f054f45a000)]

siginfo: si_signo: 11 (SIGSEGV), si_code: 1 (SEGV_MAPERR), si_addr: 0x0000000000000000

Registers:
RAX=0x00007f0573fbad00, RBX=0x00007f056c2829f8, RCX=0x00007f0574a1f320, RDX=0x0000000000000042
RSP=0x00007f054f458778, RBP=0x00007f054f4587a0, RSI=0x0000000000000000, RDI=0x00007f056c2829f8
R8 =0x00000000ed0d6330, R9 =0x0000000000000000, R10=0x00000000000000de, R11=0x00007f055d59d218
R12=0x00007f051400e910, R13=0x0000000000000000, R14=0x00007f05552207e0, R15=0x00007f056c282800
RIP=0x00007f055d0696ba, EFLAGS=0x0000000000010246, CSGSFS=0x0000000000000033, ERR=0x0000000000000004
  TRAPNO=0x000000000000000e

Top of Stack: (sp=0x00007f054f458778)
0x00007f054f458778:   00007f0554ffeef1 00007f0570cd3a90
0x00007f054f458788:   00007f051400e910 00007f054f458850
0x00007f054f458798:   00007f054f458820 0000000000000000
0x00007f054f4587a8:   00007f0554ae2ae8 00007f0570cd3a90
0x00007f054f4587b8:   00007f054f4587e0 0000000000000000
0x00007f054f4587c8:   00007f0554ada9a3 00007f054f458850
0x00007f054f4587d8:   00007f0554ff812f 00007f054f458830
0x00007f054f4587e8:   00007f055d59d2b6 0000000000000000
0x00007f054f4587f8:   00007f055d4b55b6 00000000c42cfdd8
0x00007f054f458808:   00007f055d125e2c 00000000c3e01da8
0x00007f054f458818:   00007f055d229f4c 00000000c3e012d0
0x00007f054f458828:   00000000ed0d5930 00007f054f4588b0
0x00007f054f458838:   00007f055d007a90 00007f054f4588b0
0x00007f054f458848:   00007f055d007a90 0000000000000000
0x00007f054f458858:   00007f055d007dd0 00007f051c000e30
0x00007f054f458868:   00000000c42cfdd8 00007f054f458870
0x00007f054f458878:   00007f0570dc3d64 00007f054f4588f8
0x00007f054f458888:   00007f0570dcd4b8 0000000000000000
0x00007f054f458898:   00007f0570dc3ea0 00007f054f458850
0x00007f054f4588a8:   00007f054f4588f0 00007f054f458940
0x00007f054f4588b8:   00007f055d0082bd 0000000000000000
0x00007f054f4588c8:   00000000ecf4c270 0000000000000000
0x00007f054f4588d8:   0000000000000000 0000000000000000
0x00007f054f4588e8:   00000000c42cfdd8 0000000000000000
0x00007f054f4588f8:   00000000ecf8bf18 00007f054f458900
0x00007f054f458908:   00007f0570dc3ba5 00007f054f458950
0x00007f054f458918:   00007f0570dcd4b8 0000000000000000
0x00007f054f458928:   00007f0570dc3bb0 00007f054f4588f0
0x00007f054f458938:   00007f054f458950 00007f054f458998
0x00007f054f458948:   00007f055d008302 00000000ecf8bf18
0x00007f054f458958:   00007f054f458958 00007f05708088db
0x00007f054f458968:   00007f054f4589a8 00007f057088fdd8 

Instructions: (pc=0x00007f055d0696ba)
0x00007f055d06969a:   00 00 00 00 00 00 44 8b 15 01 0c f9 16 4c 8b ce
0x00007f055d0696aa:   41 f6 c2 01 0f 85 2e 00 00 00 4d 33 ca 4d 33 ca
0x00007f055d0696ba:   4d 8b 09 4c 8b da 49 c1 eb 02 4b 8b 04 19 49 bb
0x00007f055d0696ca:   a8 a2 ff 73 05 7f 00 00 4c 33 d8 4c 33 d8 45 3b 

Register to memory mapping:

RAX=0x00007f0573fbad00: <offset 0xf77d00> in /usr/lib/jvm/java-8-oracle/jre/lib/amd64/server/libjvm.so at 0x00007f0573043000
RBX=0x00007f056c2829f8 is an unknown value
RCX=0x00007f0574a1f320: <offset 0x219320> in /lib/x86_64-linux-gnu/libpthread.so.0 at 0x00007f0574806000
RDX=0x0000000000000042 is an unknown value
RSP=0x00007f054f458778 is pointing into the stack for thread: 0x00007f056c282800
RBP=0x00007f054f4587a0 is pointing into the stack for thread: 0x00007f056c282800
RSI=0x0000000000000000 is an unknown value
RDI=0x00007f056c2829f8 is an unknown value
R8 =0x00000000ed0d6330 is an oop
java.util.logging.Logger 
 - klass: 'java/util/logging/Logger'
R9 =0x0000000000000000 is an unknown value
R10=0x00000000000000de is an unknown value
R11=0x00007f055d59d218 is at entry_point+24 in (nmethod*)0x00007f055d59d090
R12=0x00007f051400e910 is an unknown value
R13=0x0000000000000000 is an unknown value
R14=0x00007f05552207e0: <offset 0x2587e0> in /usr/lib/jvm/java-8-oracle/jre/lib/amd64/libawt_xawt.so at 0x00007f0554fc8000
R15=0x00007f056c282800 is a thread


Stack: [0x00007f054f359000,0x00007f054f45a000],  sp=0x00007f054f458778,  free space=1021k
Native frames: (J=compiled Java code, j=interpreted, Vv=VM code, C=native code)
v  ~BufferBlob::jni_fast_GetLongField
C  [libX11.so.6+0x61ae8]  _XimServerDestroy+0x58

Java frames: (J=compiled Java code, j=interpreted, Vv=VM code)
J 1751  sun.awt.X11.XlibWrapper.XFilterEvent(JJ)Z (0 bytes) @ 0x00007f055d59d244 [0x00007f055d59d200+0x44]
j  sun.awt.X11.XToolkit.run(Z)V+300
j  sun.awt.X11.XToolkit.run()V+5
j  java.lang.Thread.run()V+11
v  ~StubRoutines::call_stub

---------------  P R O C E S S  ---------------

Java Threads: ( => current thread )
  0x00007f0514026000 JavaThread "TimerQueue" daemon [_thread_blocked, id=3816, stack(0x00007f054db7a000,0x00007f054dc7b000)]
  0x00007f056c009800 JavaThread "DestroyJavaVM" [_thread_blocked, id=3769, stack(0x00007f0574b22000,0x00007f0574c23000)]
  0x00007f056c2bd800 JavaThread "AWT-EventQueue-0" [_thread_blocked, id=3793, stack(0x00007f054f157000,0x00007f054f258000)]
  0x00007f056c2bb800 JavaThread "AWT-Shutdown" [_thread_blocked, id=3792, stack(0x00007f054f258000,0x00007f054f359000)]
=>0x00007f056c282800 JavaThread "AWT-XAWT" daemon [_thread_in_native, id=3791, stack(0x00007f054f359000,0x00007f054f45a000)]
  0x00007f056c25d800 JavaThread "Java2D Disposer" daemon [_thread_blocked, id=3790, stack(0x00007f054f86a000,0x00007f054f96b000)]
  0x00007f056c0c7800 JavaThread "Service Thread" daemon [_thread_blocked, id=3785, stack(0x00007f055580b000,0x00007f055590c000)]
  0x00007f056c0bc800 JavaThread "C1 CompilerThread2" daemon [_thread_blocked, id=3784, stack(0x00007f055590c000,0x00007f0555a0d000)]
  0x00007f056c0bb000 JavaThread "C2 CompilerThread1" daemon [_thread_blocked, id=3783, stack(0x00007f0555a0d000,0x00007f0555b0e000)]
  0x00007f056c0b8000 JavaThread "C2 CompilerThread0" daemon [_thread_blocked, id=3782, stack(0x00007f055c0d0000,0x00007f055c1d1000)]
  0x00007f056c0b6800 JavaThread "Signal Dispatcher" daemon [_thread_blocked, id=3781, stack(0x00007f055c1d1000,0x00007f055c2d2000)]
  0x00007f056c084000 JavaThread "Finalizer" daemon [_thread_blocked, id=3780, stack(0x00007f055c2d2000,0x00007f055c3d3000)]
  0x00007f056c07f000 JavaThread "Reference Handler" daemon [_thread_blocked, id=3779, stack(0x00007f055c3d3000,0x00007f055c4d4000)]

Other Threads:
  0x00007f056c077800 VMThread [stack: 0x00007f055c4d4000,0x00007f055c5d5000] [id=3776]
  0x00007f056c0ca800 WatcherThread [stack: 0x00007f055570a000,0x00007f055580b000] [id=3786]

VM state:not at safepoint (normal execution)

VM Mutex/Monitor currently owned by a thread: None

Heap:
 PSYoungGen      total 18432K, used 10590K [0x00000000ebf80000, 0x00000000edb00000, 0x0000000100000000)
  eden space 15872K, 50% used [0x00000000ebf80000,0x00000000ec75eb90,0x00000000ecf00000)
  from space 2560K, 98% used [0x00000000ecf00000,0x00000000ed179050,0x00000000ed180000)
  to   space 6144K, 0% used [0x00000000ed500000,0x00000000ed500000,0x00000000edb00000)
 ParOldGen       total 42496K, used 5053K [0x00000000c3e00000, 0x00000000c6780000, 0x00000000ebf80000)
  object space 42496K, 11% used [0x00000000c3e00000,0x00000000c42ef738,0x00000000c6780000)
 Metaspace       used 18671K, capacity 18960K, committed 19328K, reserved 1067008K
  class space    used 2047K, capacity 2142K, committed 2176K, reserved 1048576K

Card table byte_map: [0x00007f0571701000,0x00007f05718e3000] byte_map_base: 0x00007f05710e2000

Marking Bits: (ParMarkBitMap*) 0x00007f0573ff9d60
 Begin Bits: [0x00007f05561f0000, 0x00007f05570f8000)
 End Bits:   [0x00007f05570f8000, 0x00007f0558000000)

Polling page: 0x00007f0574c43000

CodeCache: size=245760Kb used=9959Kb max_used=10504Kb free=235800Kb
 bounds [0x00007f055d000000, 0x00007f055daa0000, 0x00007f056c000000]
 total_blobs=3229 nmethods=2644 adapters=497
 compilation: enabled

Compilation events (10 events):
Event: 4464,917 Thread 0x00007f056c0bc800 2941       3       java.util.Vector$Itr::<init> (6 bytes)
Event: 4464,995 Thread 0x00007f056c0bc800 nmethod 2941 0x00007f055d5bd090 code [0x00007f055d5bd200, 0x00007f055d5bd430]
Event: 4464,995 Thread 0x00007f056c0bc800 2942  s    3       java.util.Vector::toArray (12 bytes)
Event: 4465,071 Thread 0x00007f056c0bc800 nmethod 2942 0x00007f055d253290 code [0x00007f055d253400, 0x00007f055d253808]
Event: 4497,193 Thread 0x00007f056c0bc800 2943       3       java.util.Vector::<init> (53 bytes)
Event: 4497,282 Thread 0x00007f056c0bc800 nmethod 2943 0x00007f055d256150 code [0x00007f055d256300, 0x00007f055d2567b8]
Event: 5725,666 Thread 0x00007f056c0bc800 2944   !   3       sun.awt.X11.XToolkit$1::dispatchEvent (34 bytes)
Event: 5726,287 Thread 0x00007f056c0bc800 nmethod 2944 0x00007f055d111990 code [0x00007f055d111be0, 0x00007f055d1129f8]
Event: 5726,288 Thread 0x00007f056c0bc800 2945       3       sun.awt.X11.XMSelection$1::dispatchEvent (10 bytes)
Event: 5726,304 Thread 0x00007f056c0bc800 nmethod 2945 0x00007f055d2ee950 code [0x00007f055d2eeb00, 0x00007f055d2eef58]

GC Heap History (10 events):
Event: 2,145 GC heap before
{Heap before GC invocations=1 (full 0):
 PSYoungGen      total 18432K, used 15872K [0x00000000ebf80000, 0x00000000ed400000, 0x0000000100000000)
  eden space 15872K, 100% used [0x00000000ebf80000,0x00000000ecf00000,0x00000000ecf00000)
  from space 2560K, 0% used [0x00000000ed180000,0x00000000ed180000,0x00000000ed400000)
  to   space 2560K, 0% used [0x00000000ecf00000,0x00000000ecf00000,0x00000000ed180000)
 ParOldGen       total 42496K, used 0K [0x00000000c3e00000, 0x00000000c6780000, 0x00000000ebf80000)
  object space 42496K, 0% used [0x00000000c3e00000,0x00000000c3e00000,0x00000000c6780000)
 Metaspace       used 14314K, capacity 14566K, committed 14848K, reserved 1062912K
  class space    used 1673K, capacity 1750K, committed 1792K, reserved 1048576K
Event: 2,156 GC heap after
Heap after GC invocations=1 (full 0):
 PSYoungGen      total 18432K, used 2528K [0x00000000ebf80000, 0x00000000ed400000, 0x0000000100000000)
  eden space 15872K, 0% used [0x00000000ebf80000,0x00000000ebf80000,0x00000000ecf00000)
  from space 2560K, 98% used [0x00000000ecf00000,0x00000000ed178040,0x00000000ed180000)
  to   space 2560K, 0% used [0x00000000ed180000,0x00000000ed180000,0x00000000ed400000)
 ParOldGen       total 42496K, used 1888K [0x00000000c3e00000, 0x00000000c6780000, 0x00000000ebf80000)
  object space 42496K, 4% used [0x00000000c3e00000,0x00000000c3fd8228,0x00000000c6780000)
 Metaspace       used 14314K, capacity 14566K, committed 14848K, reserved 1062912K
  class space    used 1673K, capacity 1750K, committed 1792K, reserved 1048576K
}
Event: 23,383 GC heap before
{Heap before GC invocations=2 (full 0):
 PSYoungGen      total 18432K, used 18400K [0x00000000ebf80000, 0x00000000ed400000, 0x0000000100000000)
  eden space 15872K, 100% used [0x00000000ebf80000,0x00000000ecf00000,0x00000000ecf00000)
  from space 2560K, 98% used [0x00000000ecf00000,0x00000000ed178040,0x00000000ed180000)
  to   space 2560K, 0% used [0x00000000ed180000,0x00000000ed180000,0x00000000ed400000)
 ParOldGen       total 42496K, used 1888K [0x00000000c3e00000, 0x00000000c6780000, 0x00000000ebf80000)
  object space 42496K, 4% used [0x00000000c3e00000,0x00000000c3fd8228,0x00000000c6780000)
 Metaspace       used 17708K, capacity 18054K, committed 18304K, reserved 1064960K
  class space    used 1973K, capacity 2075K, committed 2176K, reserved 1048576K
Event: 23,393 GC heap after
Heap after GC invocations=2 (full 0):
 PSYoungGen      total 18432K, used 2531K [0x00000000ebf80000, 0x00000000ed400000, 0x0000000100000000)
  eden space 15872K, 0% used [0x00000000ebf80000,0x00000000ebf80000,0x00000000ecf00000)
  from space 2560K, 98% used [0x00000000ed180000,0x00000000ed3f8c80,0x00000000ed400000)
  to   space 2560K, 0% used [0x00000000ecf00000,0x00000000ecf00000,0x00000000ed180000)
 ParOldGen       total 42496K, used 4855K [0x00000000c3e00000, 0x00000000c6780000, 0x00000000ebf80000)
  object space 42496K, 11% used [0x00000000c3e00000,0x00000000c42bdfe0,0x00000000c6780000)
 Metaspace       used 17708K, capacity 18054K, committed 18304K, reserved 1064960K
  class space    used 1973K, capacity 2075K, committed 2176K, reserved 1048576K
}
Event: 63,538 GC heap before
{Heap before GC invocations=3 (full 0):
 PSYoungGen      total 18432K, used 18403K [0x00000000ebf80000, 0x00000000ed400000, 0x0000000100000000)
  eden space 15872K, 100% used [0x00000000ebf80000,0x00000000ecf00000,0x00000000ecf00000)
  from space 2560K, 98% used [0x00000000ed180000,0x00000000ed3f8c80,0x00000000ed400000)
  to   space 2560K, 0% used [0x00000000ecf00000,0x00000000ecf00000,0x00000000ed180000)
 ParOldGen       total 42496K, used 4855K [0x00000000c3e00000, 0x00000000c6780000, 0x00000000ebf80000)
  object space 42496K, 11% used [0x00000000c3e00000,0x00000000c42bdfe0,0x00000000c6780000)
 Metaspace       used 18453K, capacity 18822K, committed 19072K, reserved 1067008K
  class space    used 2022K, capacity 2139K, committed 2176K, reserved 1048576K
Event: 63,545 GC heap after
Heap after GC invocations=3 (full 0):
 PSYoungGen      total 18432K, used 2532K [0x00000000ebf80000, 0x00000000ed400000, 0x0000000100000000)
  eden space 15872K, 0% used [0x00000000ebf80000,0x00000000ebf80000,0x00000000ecf00000)
  from space 2560K, 98% used [0x00000000ecf00000,0x00000000ed179050,0x00000000ed180000)
  to   space 2560K, 0% used [0x00000000ed180000,0x00000000ed180000,0x00000000ed400000)
 ParOldGen       total 42496K, used 5013K [0x00000000c3e00000, 0x00000000c6780000, 0x00000000ebf80000)
  object space 42496K, 11% used [0x00000000c3e00000,0x00000000c42e5738,0x00000000c6780000)
 Metaspace       used 18453K, capacity 18822K, committed 19072K, reserved 1067008K
  class space    used 2022K, capacity 2139K, committed 2176K, reserved 1048576K
}
Event: 121,067 GC heap before
{Heap before GC invocations=4 (full 0):
 PSYoungGen      total 18432K, used 18404K [0x00000000ebf80000, 0x00000000ed400000, 0x0000000100000000)
  eden space 15872K, 100% used [0x00000000ebf80000,0x00000000ecf00000,0x00000000ecf00000)
  from space 2560K, 98% used [0x00000000ecf00000,0x00000000ed179050,0x00000000ed180000)
  to   space 2560K, 0% used [0x00000000ed180000,0x00000000ed180000,0x00000000ed400000)
 ParOldGen       total 42496K, used 5013K [0x00000000c3e00000, 0x00000000c6780000, 0x00000000ebf80000)
  object space 42496K, 11% used [0x00000000c3e00000,0x00000000c42e5738,0x00000000c6780000)
 Metaspace       used 18483K, capacity 18822K, committed 19072K, reserved 1067008K
  class space    used 2022K, capacity 2139K, committed 2176K, reserved 1048576K
Event: 121,074 GC heap after
Heap after GC invocations=4 (full 0):
 PSYoungGen      total 18432K, used 2548K [0x00000000ebf80000, 0x00000000ed400000, 0x0000000100000000)
  eden space 15872K, 0% used [0x00000000ebf80000,0x00000000ebf80000,0x00000000ecf00000)
  from space 2560K, 99% used [0x00000000ed180000,0x00000000ed3fd090,0x00000000ed400000)
  to   space 2560K, 0% used [0x00000000ecf00000,0x00000000ecf00000,0x00000000ed180000)
 ParOldGen       total 42496K, used 5037K [0x00000000c3e00000, 0x00000000c6780000, 0x00000000ebf80000)
  object space 42496K, 11% used [0x00000000c3e00000,0x00000000c42eb738,0x00000000c6780000)
 Metaspace       used 18483K, capacity 18822K, committed 19072K, reserved 1067008K
  class space    used 2022K, capacity 2139K, committed 2176K, reserved 1048576K
}
Event: 176,534 GC heap before
{Heap before GC invocations=5 (full 0):
 PSYoungGen      total 18432K, used 18420K [0x00000000ebf80000, 0x00000000ed400000, 0x0000000100000000)
  eden space 15872K, 100% used [0x00000000ebf80000,0x00000000ecf00000,0x00000000ecf00000)
  from space 2560K, 99% used [0x00000000ed180000,0x00000000ed3fd090,0x00000000ed400000)
  to   space 2560K, 0% used [0x00000000ecf00000,0x00000000ecf00000,0x00000000ed180000)
 ParOldGen       total 42496K, used 5037K [0x00000000c3e00000, 0x00000000c6780000, 0x00000000ebf80000)
  object space 42496K, 11% used [0x00000000c3e00000,0x00000000c42eb738,0x00000000c6780000)
 Metaspace       used 18488K, capacity 18822K, committed 19072K, reserved 1067008K
  class space    used 2023K, capacity 2139K, committed 2176K, reserved 1048576K
Event: 176,540 GC heap after
Heap after GC invocations=5 (full 0):
 PSYoungGen      total 18432K, used 2532K [0x00000000ebf80000, 0x00000000edb00000, 0x0000000100000000)
  eden space 15872K, 0% used [0x00000000ebf80000,0x00000000ebf80000,0x00000000ecf00000)
  from space 2560K, 98% used [0x00000000ecf00000,0x00000000ed179050,0x00000000ed180000)
  to   space 6144K, 0% used [0x00000000ed500000,0x00000000ed500000,0x00000000edb00000)
 ParOldGen       total 42496K, used 5053K [0x00000000c3e00000, 0x00000000c6780000, 0x00000000ebf80000)
  object space 42496K, 11% used [0x00000000c3e00000,0x00000000c42ef738,0x00000000c6780000)
 Metaspace       used 18488K, capacity 18822K, committed 19072K, reserved 1067008K
  class space    used 2023K, capacity 2139K, committed 2176K, reserved 1048576K
}

Deoptimization events (10 events):
Event: 222,908 Thread 0x00007f056c282800 Uncommon trap: reason=unstable_if action=reinterpret pc=0x00007f055da393dc method=sun.awt.X11.XToolkit.dispatchEvent(Lsun/awt/X11/XEvent;)V @ 12
Event: 223,008 Thread 0x00007f056c282800 Uncommon trap: reason=unstable_if action=reinterpret pc=0x00007f055d2b5f18 method=sun.awt.X11.XDropTargetEventProcessor.doProcessEvent(Lsun/awt/X11/XEvent;)Z @ 92
Event: 223,009 Thread 0x00007f056c2bd800 Uncommon trap: reason=unstable_if action=reinterpret pc=0x00007f055d983084 method=java.util.concurrent.locks.ReentrantLock$Sync.isHeldExclusively()Z @ 7
Event: 223,009 Thread 0x00007f056c2bd800 Uncommon trap: reason=unstable_if action=reinterpret pc=0x00007f055d974d78 method=java.awt.EventQueue.cacheEQItem(Lsun/awt/EventQueueItem;)V @ 23
Event: 223,010 Thread 0x00007f056c2bd800 Uncommon trap: reason=unstable_if action=reinterpret pc=0x00007f055d9d1ca0 method=java.awt.EventQueue.uncacheEQItem(Lsun/awt/EventQueueItem;)V @ 23
Event: 223,010 Thread 0x00007f056c2bd800 Uncommon trap: reason=bimorphic action=maybe_recompile pc=0x00007f055d9c89e4 method=java.awt.EventQueue.dispatchEventImpl(Ljava/awt/AWTEvent;Ljava/lang/Object;)V @ 21
Event: 223,010 Thread 0x00007f056c2bd800 Uncommon trap: reason=bimorphic action=maybe_recompile pc=0x00007f055d9c89e4 method=java.awt.EventQueue.dispatchEventImpl(Ljava/awt/AWTEvent;Ljava/lang/Object;)V @ 21
Event: 223,010 Thread 0x00007f056c2bd800 Uncommon trap: reason=bimorphic action=maybe_recompile pc=0x00007f055d9c89e4 method=java.awt.EventQueue.dispatchEventImpl(Ljava/awt/AWTEvent;Ljava/lang/Object;)V @ 21
Event: 228,090 Thread 0x00007f056c388000 Uncommon trap: reason=unstable_if action=reinterpret pc=0x00007f055d354890 method=sun.nio.cs.UTF_8$Decoder.decode([BII[C)I @ 30
Event: 414,654 Thread 0x00007f056c2bd800 Uncommon trap: reason=unstable_if action=reinterpret pc=0x00007f055d90fb04 method=java.awt.EventQueue.uncacheEQItem(Lsun/awt/EventQueueItem;)V @ 23

Internal exceptions (10 events):
Event: 0,204 Thread 0x00007f056c009800 Exception <a 'java/security/PrivilegedActionException'> (0x00000000ec0e9918) thrown at [/HUDSON/workspace/8-2-build-linux-amd64/jdk8u91/6644/hotspot/src/share/vm/prims/jvm.cpp, line 1386]
Event: 0,554 Thread 0x00007f056c009800 Exception <a 'java/lang/NoSuchFieldError': method resolution failed> (0x00000000ec339328) thrown at [/HUDSON/workspace/8-2-build-linux-amd64/jdk8u91/6644/hotspot/src/share/vm/prims/methodHandles.cpp, line 1146]
Event: 0,557 Thread 0x00007f056c009800 Exception <a 'java/lang/NoSuchFieldError': method resolution failed> (0x00000000ec346a78) thrown at [/HUDSON/workspace/8-2-build-linux-amd64/jdk8u91/6644/hotspot/src/share/vm/prims/methodHandles.cpp, line 1146]
Event: 0,634 Thread 0x00007f056c009800 Exception <a 'java/io/FileNotFoundException'> (0x00000000ec3c5ff8) thrown at [/HUDSON/workspace/8-2-build-linux-amd64/jdk8u91/6644/hotspot/src/share/vm/prims/jni.cpp, line 709]
Event: 0,634 Thread 0x00007f056c009800 Exception <a 'java/io/FileNotFoundException'> (0x00000000ec3c6aa0) thrown at [/HUDSON/workspace/8-2-build-linux-amd64/jdk8u91/6644/hotspot/src/share/vm/prims/jni.cpp, line 709]
Event: 2,074 Thread 0x00007f056c2bd800 Exception <a 'java/lang/UnsupportedOperationException': > (0x00000000ec568378) thrown at [/HUDSON/workspace/8-2-build-linux-amd64/jdk8u91/6644/hotspot/src/share/vm/prims/jni.cpp, line 735]
Event: 2,135 Thread 0x00007f056c37f000 Exception <a 'java/lang/reflect/InvocationTargetException'> (0x00000000ece677a8) thrown at [/HUDSON/workspace/8-2-build-linux-amd64/jdk8u91/6644/hotspot/src/share/vm/runtime/reflection.cpp, line 1092]
Event: 2,446 Thread 0x00007f056c37f000 Implicit null exception at 0x00007f055d339e38 to 0x00007f055d339fc1
Event: 228,090 Thread 0x00007f056c388000 Exception <a 'java/net/SocketException'> (0x00000000ec70b540) thrown at [/HUDSON/workspace/8-2-build-linux-amd64/jdk8u91/6644/hotspot/src/share/vm/prims/jni.cpp, line 709]
Event: 228,100 Thread 0x00007f056c388000 Exception <a 'java/net/SocketException'> (0x00000000ec70bd70) thrown at [/HUDSON/workspace/8-2-build-linux-amd64/jdk8u91/6644/hotspot/src/share/vm/prims/jni.cpp, line 709]

Events (10 events):
Event: 414,652 loading class sun/awt/X11/XSelectionClearEvent done
Event: 414,652 Executing VM operation: RevokeBias
Event: 414,652 Executing VM operation: RevokeBias done
Event: 414,654 Executing VM operation: RevokeBias
Event: 414,654 Executing VM operation: RevokeBias done
Event: 414,654 Thread 0x00007f056c2bd800 Uncommon trap: trap_request=0xffffff65 fr.pc=0x00007f055d90fb04
Event: 414,654 Thread 0x00007f056c2bd800 DEOPT PACKING pc=0x00007f055d90fb04 sp=0x00007f054f256360
Event: 414,654 Thread 0x00007f056c2bd800 DEOPT UNPACKING pc=0x00007f055d005229 sp=0x00007f054f2562a0 mode 2
Event: 8898,212 loading class sun/awt/X11/XDestroyWindowEvent
Event: 8912,249 loading class sun/awt/X11/XDestroyWindowEvent done


Dynamic libraries:
00400000-00401000 r-xp 00000000 08:07 1466507                            /usr/lib/jvm/java-8-oracle/bin/java
00600000-00601000 rw-p 00000000 08:07 1466507                            /usr/lib/jvm/java-8-oracle/bin/java
00c34000-00c55000 rw-p 00000000 00:00 0                                  [heap]
c3e00000-c6780000 rw-p 00000000 00:00 0 
c6780000-ebf80000 ---p 00000000 00:00 0 
ebf80000-edb00000 rw-p 00000000 00:00 0 
edb00000-100000000 ---p 00000000 00:00 0 
100000000-100220000 rw-p 00000000 00:00 0 
100220000-140000000 ---p 00000000 00:00 0 
7f04f8000000-7f04f8021000 rw-p 00000000 00:00 0 
7f04f8021000-7f04fc000000 ---p 00000000 00:00 0 
7f0500000000-7f0500021000 rw-p 00000000 00:00 0 
7f0500021000-7f0504000000 ---p 00000000 00:00 0 
7f0504000000-7f0504021000 rw-p 00000000 00:00 0 
7f0504021000-7f0508000000 ---p 00000000 00:00 0 
7f0508000000-7f0508021000 rw-p 00000000 00:00 0 
7f0508021000-7f050c000000 ---p 00000000 00:00 0 
7f050c000000-7f050c323000 rw-p 00000000 00:00 0 
7f050c323000-7f0510000000 ---p 00000000 00:00 0 
7f0510000000-7f0510021000 rw-p 00000000 00:00 0 
7f0510021000-7f0514000000 ---p 00000000 00:00 0 
7f0514000000-7f0514046000 rw-p 00000000 00:00 0 
7f0514046000-7f0518000000 ---p 00000000 00:00 0 
7f0518000000-7f0518021000 rw-p 00000000 00:00 0 
7f0518021000-7f051c000000 ---p 00000000 00:00 0 
7f051c000000-7f051c026000 rw-p 00000000 00:00 0 
7f051c026000-7f0520000000 ---p 00000000 00:00 0 
7f0520000000-7f0520021000 rw-p 00000000 00:00 0 
7f0520021000-7f0524000000 ---p 00000000 00:00 0 
7f0524000000-7f0524021000 rw-p 00000000 00:00 0 
7f0524021000-7f0528000000 ---p 00000000 00:00 0 
7f0528000000-7f0528ea0000 rw-p 00000000 00:00 0 
7f0528ea0000-7f052c000000 ---p 00000000 00:00 0 
7f052c000000-7f052c800000 rw-p 00000000 00:00 0 
7f052c800000-7f0530000000 ---p 00000000 00:00 0 
7f0530000000-7f0530021000 rw-p 00000000 00:00 0 
7f0530021000-7f0534000000 ---p 00000000 00:00 0 
7f0534000000-7f0535462000 rw-p 00000000 00:00 0 
7f0535462000-7f0538000000 ---p 00000000 00:00 0 
7f0538000000-7f0538021000 rw-p 00000000 00:00 0 
7f0538021000-7f053c000000 ---p 00000000 00:00 0 
7f053c000000-7f053c021000 rw-p 00000000 00:00 0 
7f053c021000-7f0540000000 ---p 00000000 00:00 0 
7f0540000000-7f0540021000 rw-p 00000000 00:00 0 
7f0540021000-7f0544000000 ---p 00000000 00:00 0 
7f0544000000-7f0544021000 rw-p 00000000 00:00 0 
7f0544021000-7f0548000000 ---p 00000000 00:00 0 
7f0548000000-7f0548021000 rw-p 00000000 00:00 0 
7f0548021000-7f054c000000 ---p 00000000 00:00 0 
7f054db7a000-7f054db7d000 ---p 00000000 00:00 0 
7f054db7d000-7f054dd3b000 rw-p 00000000 00:00 0                          [stack:3816]
7f054dd3b000-7f054de7e000 ---p 00000000 00:00 0 
7f054de7e000-7f054e17c000 rw-p 00000000 00:00 0 
7f054e17c000-7f054e17f000 ---p 00000000 00:00 0 
7f054e17f000-7f054e47d000 rw-p 00000000 00:00 0 
7f054e47d000-7f054e4af000 r-xp 00000000 08:07 676038                     /usr/lib/jvm/java-8-oracle/jre/lib/amd64/libsunec.so
7f054e4af000-7f054e6ae000 ---p 00032000 08:07 676038                     /usr/lib/jvm/java-8-oracle/jre/lib/amd64/libsunec.so
7f054e6ae000-7f054e6b4000 rw-p 00031000 08:07 676038                     /usr/lib/jvm/java-8-oracle/jre/lib/amd64/libsunec.so
7f054e6b4000-7f054e6c4000 rw-p 00000000 00:00 0 
7f054e6c4000-7f054e6c7000 ---p 00000000 00:00 0 
7f054e6c7000-7f054e7c5000 rw-p 00000000 00:00 0 
7f054e7c5000-7f054e7c8000 ---p 00000000 00:00 0 
7f054e7c8000-7f054e8c6000 rw-p 00000000 00:00 0 
7f054e8c6000-7f054e92f000 r-xp 00000000 08:07 676047                     /usr/lib/jvm/java-8-oracle/jre/lib/amd64/libt2k.so
7f054e92f000-7f054eb2f000 ---p 00069000 08:07 676047                     /usr/lib/jvm/java-8-oracle/jre/lib/amd64/libt2k.so
7f054eb2f000-7f054eb36000 rw-p 00069000 08:07 676047                     /usr/lib/jvm/java-8-oracle/jre/lib/amd64/libt2k.so
7f054eb36000-7f054eb46000 rw-p 00000000 00:00 0 
7f054eb46000-7f054eb57000 r-xp 00000000 08:07 676067                     /usr/lib/jvm/java-8-oracle/jre/lib/amd64/libnio.so
7f054eb57000-7f054ed56000 ---p 00011000 08:07 676067                     /usr/lib/jvm/java-8-oracle/jre/lib/amd64/libnio.so
7f054ed56000-7f054ed57000 rw-p 00010000 08:07 676067                     /usr/lib/jvm/java-8-oracle/jre/lib/amd64/libnio.so
7f054ed57000-7f054ef57000 rw-p 00000000 00:00 0 
7f054ef57000-7f054f157000 rw-p 00000000 00:00 0 
7f054f157000-7f054f15a000 ---p 00000000 00:00 0 
7f054f15a000-7f054f258000 rw-p 00000000 00:00 0                          [stack:3793]
7f054f258000-7f054f25b000 ---p 00000000 00:00 0 
7f054f25b000-7f054f359000 rw-p 00000000 00:00 0                          [stack:3792]
7f054f359000-7f054f35c000 ---p 00000000 00:00 0 
7f054f35c000-7f054f45a000 rw-p 00000000 00:00 0                          [stack:3791]
7f054f45a000-7f054f45f000 r-xp 00000000 08:07 1449720                    /usr/lib/x86_64-linux-gnu/libXfixes.so.3.1.0
7f054f45f000-7f054f65e000 ---p 00005000 08:07 1449720                    /usr/lib/x86_64-linux-gnu/libXfixes.so.3.1.0
7f054f65e000-7f054f65f000 r--p 00004000 08:07 1449720                    /usr/lib/x86_64-linux-gnu/libXfixes.so.3.1.0
7f054f65f000-7f054f660000 rw-p 00005000 08:07 1449720                    /usr/lib/x86_64-linux-gnu/libXfixes.so.3.1.0
7f054f660000-7f054f669000 r-xp 00000000 08:07 1452003                    /usr/lib/x86_64-linux-gnu/libXcursor.so.1.0.2
7f054f669000-7f054f868000 ---p 00009000 08:07 1452003                    /usr/lib/x86_64-linux-gnu/libXcursor.so.1.0.2
7f054f868000-7f054f869000 r--p 00008000 08:07 1452003                    /usr/lib/x86_64-linux-gnu/libXcursor.so.1.0.2
7f054f869000-7f054f86a000 rw-p 00009000 08:07 1452003                    /usr/lib/x86_64-linux-gnu/libXcursor.so.1.0.2
7f054f86a000-7f054f86d000 ---p 00000000 00:00 0 
7f054f86d000-7f054f96b000 rw-p 00000000 00:00 0                          [stack:3790]
7f054f96b000-7f054f981000 r-xp 00000000 08:07 397644                     /lib/x86_64-linux-gnu/libgcc_s.so.1
7f054f981000-7f054fb80000 ---p 00016000 08:07 397644                     /lib/x86_64-linux-gnu/libgcc_s.so.1
7f054fb80000-7f054fb81000 rw-p 00015000 08:07 397644                     /lib/x86_64-linux-gnu/libgcc_s.so.1
7f054fb81000-7f054fbe6000 r-xp 00000000 08:07 676030                     /usr/lib/jvm/java-8-oracle/jre/lib/amd64/libfontmanager.so
7f054fbe6000-7f054fde5000 ---p 00065000 08:07 676030                     /usr/lib/jvm/java-8-oracle/jre/lib/amd64/libfontmanager.so
7f054fde5000-7f054fdea000 rw-p 00064000 08:07 676030                     /usr/lib/jvm/java-8-oracle/jre/lib/amd64/libfontmanager.so
7f054fdea000-7f054fdfa000 rw-p 00000000 00:00 0 
7f054fdfa000-7f054fdff000 r-xp 00000000 08:07 1452007                    /usr/lib/x86_64-linux-gnu/libXdmcp.so.6.0.0
7f054fdff000-7f054fffe000 ---p 00005000 08:07 1452007                    /usr/lib/x86_64-linux-gnu/libXdmcp.so.6.0.0
7f054fffe000-7f054ffff000 r--p 00004000 08:07 1452007                    /usr/lib/x86_64-linux-gnu/libXdmcp.so.6.0.0
7f054ffff000-7f0550000000 rw-p 00005000 08:07 1452007                    /usr/lib/x86_64-linux-gnu/libXdmcp.so.6.0.0
7f0550000000-7f0550021000 rw-p 00000000 00:00 0 
7f0550021000-7f0554000000 ---p 00000000 00:00 0 
7f0554012000-7f055401c000 r--s 00116000 08:07 1466445                    /usr/lib/jvm/java-8-oracle/jre/lib/ext/localedata.jar
7f055401c000-7f0554038000 r--s 00393000 08:07 1466441                    /usr/lib/jvm/java-8-oracle/jre/lib/ext/cldrdata.jar
7f0554038000-7f055403e000 r--s 0003f000 08:07 1466448                    /usr/lib/jvm/java-8-oracle/jre/lib/ext/sunjce_provider.jar
7f055403e000-7f0554040000 r-xp 00000000 08:07 1451996                    /usr/lib/x86_64-linux-gnu/libXau.so.6.0.0
7f0554040000-7f0554240000 ---p 00002000 08:07 1451996                    /usr/lib/x86_64-linux-gnu/libXau.so.6.0.0
7f0554240000-7f0554241000 r--p 00002000 08:07 1451996                    /usr/lib/x86_64-linux-gnu/libXau.so.6.0.0
7f0554241000-7f0554242000 rw-p 00003000 08:07 1451996                    /usr/lib/x86_64-linux-gnu/libXau.so.6.0.0
7f0554242000-7f055425f000 r-xp 00000000 08:07 1453064                    /usr/lib/x86_64-linux-gnu/libxcb.so.1.1.0
7f055425f000-7f055445f000 ---p 0001d000 08:07 1453064                    /usr/lib/x86_64-linux-gnu/libxcb.so.1.1.0
7f055445f000-7f0554460000 r--p 0001d000 08:07 1453064                    /usr/lib/x86_64-linux-gnu/libxcb.so.1.1.0
7f0554460000-7f0554461000 rw-p 0001e000 08:07 1453064                    /usr/lib/x86_64-linux-gnu/libxcb.so.1.1.0
7f0554461000-7f0554470000 r-xp 00000000 08:07 1464896                    /usr/lib/x86_64-linux-gnu/libXi.so.6.1.0
7f0554470000-7f055466f000 ---p 0000f000 08:07 1464896                    /usr/lib/x86_64-linux-gnu/libXi.so.6.1.0
7f055466f000-7f0554670000 r--p 0000e000 08:07 1464896                    /usr/lib/x86_64-linux-gnu/libXi.so.6.1.0
7f0554670000-7f0554671000 rw-p 0000f000 08:07 1464896                    /usr/lib/x86_64-linux-gnu/libXi.so.6.1.0
7f0554671000-7f0554676000 r-xp 00000000 08:07 1452037                    /usr/lib/x86_64-linux-gnu/libXtst.so.6.1.0
7f0554676000-7f0554875000 ---p 00005000 08:07 1452037                    /usr/lib/x86_64-linux-gnu/libXtst.so.6.1.0
7f0554875000-7f0554876000 r--p 00004000 08:07 1452037                    /usr/lib/x86_64-linux-gnu/libXtst.so.6.1.0
7f0554876000-7f0554877000 rw-p 00005000 08:07 1452037                    /usr/lib/x86_64-linux-gnu/libXtst.so.6.1.0
7f0554877000-7f0554880000 r-xp 00000000 08:07 1464904                    /usr/lib/x86_64-linux-gnu/libXrender.so.1.3.0
7f0554880000-7f0554a7f000 ---p 00009000 08:07 1464904                    /usr/lib/x86_64-linux-gnu/libXrender.so.1.3.0
7f0554a7f000-7f0554a80000 r--p 00008000 08:07 1464904                    /usr/lib/x86_64-linux-gnu/libXrender.so.1.3.0
7f0554a80000-7f0554a81000 rw-p 00009000 08:07 1464904                    /usr/lib/x86_64-linux-gnu/libXrender.so.1.3.0
7f0554a81000-7f0554bb1000 r-xp 00000000 08:07 1451992                    /usr/lib/x86_64-linux-gnu/libX11.so.6.3.0
7f0554bb1000-7f0554db1000 ---p 00130000 08:07 1451992                    /usr/lib/x86_64-linux-gnu/libX11.so.6.3.0
7f0554db1000-7f0554db2000 r--p 00130000 08:07 1451992                    /usr/lib/x86_64-linux-gnu/libX11.so.6.3.0
7f0554db2000-7f0554db6000 rw-p 00131000 08:07 1451992                    /usr/lib/x86_64-linux-gnu/libX11.so.6.3.0
7f0554db6000-7f0554dc7000 r-xp 00000000 08:07 1449673                    /usr/lib/x86_64-linux-gnu/libXext.so.6.4.0
7f0554dc7000-7f0554fc6000 ---p 00011000 08:07 1449673                    /usr/lib/x86_64-linux-gnu/libXext.so.6.4.0
7f0554fc6000-7f0554fc7000 r--p 00010000 08:07 1449673                    /usr/lib/x86_64-linux-gnu/libXext.so.6.4.0
7f0554fc7000-7f0554fc8000 rw-p 00011000 08:07 1449673                    /usr/lib/x86_64-linux-gnu/libXext.so.6.4.0
7f0554fc8000-7f055501c000 r-xp 00000000 08:07 676014                     /usr/lib/jvm/java-8-oracle/jre/lib/amd64/libawt_xawt.so
7f055501c000-7f055521c000 ---p 00054000 08:07 676014                     /usr/lib/jvm/java-8-oracle/jre/lib/amd64/libawt_xawt.so
7f055521c000-7f0555220000 rw-p 00054000 08:07 676014                     /usr/lib/jvm/java-8-oracle/jre/lib/amd64/libawt_xawt.so
7f0555220000-7f0555221000 rw-p 00000000 00:00 0 
7f0555221000-7f05552c3000 r-xp 00000000 08:07 676075                     /usr/lib/jvm/java-8-oracle/jre/lib/amd64/libawt.so
7f05552c3000-7f05554c3000 ---p 000a2000 08:07 676075                     /usr/lib/jvm/java-8-oracle/jre/lib/amd64/libawt.so
7f05554c3000-7f05554cf000 rw-p 000a2000 08:07 676075                     /usr/lib/jvm/java-8-oracle/jre/lib/amd64/libawt.so
7f05554cf000-7f05554f3000 rw-p 00000000 00:00 0 
7f05554f3000-7f0555509000 r-xp 00000000 08:07 676025                     /usr/lib/jvm/java-8-oracle/jre/lib/amd64/libnet.so
7f0555509000-7f0555709000 ---p 00016000 08:07 676025                     /usr/lib/jvm/java-8-oracle/jre/lib/amd64/libnet.so
7f0555709000-7f055570a000 rw-p 00016000 08:07 676025                     /usr/lib/jvm/java-8-oracle/jre/lib/amd64/libnet.so
7f055570a000-7f055570b000 ---p 00000000 00:00 0 
7f055570b000-7f055580b000 rw-p 00000000 00:00 0                          [stack:3786]
7f055580b000-7f055580e000 ---p 00000000 00:00 0 
7f055580e000-7f055590c000 rw-p 00000000 00:00 0                          [stack:3785]
7f055590c000-7f055590f000 ---p 00000000 00:00 0 
7f055590f000-7f0555a0d000 rw-p 00000000 00:00 0                          [stack:3784]
7f0555a0d000-7f0555a10000 ---p 00000000 00:00 0 
7f0555a10000-7f0555b0e000 rw-p 00000000 00:00 0                          [stack:3783]
7f0555b0e000-7f05561f0000 r--p 00000000 08:07 1450048                    /usr/lib/locale/locale-archive
7f05561f0000-7f0558000000 rw-p 00000000 00:00 0 
7f0558000000-7f0558021000 rw-p 00000000 00:00 0 
7f0558021000-7f055c000000 ---p 00000000 00:00 0 
7f055c004000-7f055c005000 r--s 00009000 08:07 1466444                    /usr/lib/jvm/java-8-oracle/jre/lib/ext/sunec.jar
7f055c005000-7f055c008000 r--s 0001a000 08:07 1466457                    /usr/lib/jvm/java-8-oracle/jre/lib/jce.jar
7f055c008000-7f055c00c000 r--s 00097000 08:07 1466454                    /usr/lib/jvm/java-8-oracle/jre/lib/jsse.jar
7f055c00c000-7f055c00d000 r--s 00000000 08:07 290033                     /var/cache/fontconfig/c05880de57d1f5e948fdfacc138775d9-le64.cache-4
7f055c00d000-7f055c018000 r--s 00000000 08:07 290027                     /var/cache/fontconfig/945677eb7aeaf62f1d50efc3fb3ec7d8-le64.cache-4
7f055c018000-7f055c01e000 r--s 00000000 08:07 290013                     /var/cache/fontconfig/2cd17615ca594fa2959ae173292e504c-le64.cache-4
7f055c01e000-7f055c01f000 r--s 00000000 08:07 290043                     /var/cache/fontconfig/e7071f4a29fa870f4323321c154eba04-le64.cache-4
7f055c01f000-7f055c020000 r--s 00000000 08:07 290010                     /var/cache/fontconfig/0d8c3b2ac0904cb8a57a757ad11a4a08-le64.cache-4
7f055c020000-7f055c027000 r--s 00000000 08:07 290030                     /var/cache/fontconfig/a755afe4a08bf5b97852ceb7400b47bc-le64.cache-4
7f055c027000-7f055c02b000 r--s 00000000 08:07 295650                     /var/cache/fontconfig/6d41288fd70b0be22e8c3a91e032eec0-le64.cache-4
7f055c02b000-7f055c03f000 r--s 00000000 08:07 290008                     /var/cache/fontconfig/04aabc0a78ac019cf9454389977116d2-le64.cache-4
7f055c03f000-7f055c040000 r--s 00000000 08:07 290012                     /var/cache/fontconfig/1ac9eb803944fde146138c791f5cc56a-le64.cache-4
7f055c040000-7f055c044000 r--s 00000000 08:07 290016                     /var/cache/fontconfig/385c0604a188198f04d133e54aba7fe7-le64.cache-4
7f055c044000-7f055c045000 r--s 00000000 08:07 290040                     /var/cache/fontconfig/dc05db6664285cc2f12bf69c139ae4c3-le64.cache-4
7f055c045000-7f055c047000 r--s 00000000 08:07 290024                     /var/cache/fontconfig/767a8244fc0220cfb567a839d0392e0b-le64.cache-4
7f055c047000-7f055c048000 r--s 00000000 08:07 290018                     /var/cache/fontconfig/4794a0821666d79190d59a36cb4f44b5-le64.cache-4
7f055c048000-7f055c04d000 r--s 00000000 08:07 290026                     /var/cache/fontconfig/8801497958630a81b71ace7c5f9b32a8-le64.cache-4
7f055c04d000-7f055c054000 r--s 00000000 08:07 290014                     /var/cache/fontconfig/3047814df9a2f067bd2d96a2b9c36e5a-le64.cache-4
7f055c054000-7f055c05a000 r--s 00000000 08:07 290031                     /var/cache/fontconfig/b47c4e1ecd0709278f4910c18777a504-le64.cache-4
7f055c05a000-7f055c06d000 r--s 00000000 08:07 290037                     /var/cache/fontconfig/d52a8644073d54c13679302ca1180695-le64.cache-4
7f055c06d000-7f055c076000 r--s 00000000 08:07 290017                     /var/cache/fontconfig/3f7329c5293ffd510edef78f73874cfd-le64.cache-4
7f055c076000-7f055c081000 r--s 00000000 08:07 298517                     /var/cache/fontconfig/d589a48862398ed80a3d6066f4f56f4c-le64.cache-4
7f055c081000-7f055c08e000 r--s 00000000 08:07 267351                     /var/cache/fontconfig/e13b20fdb08344e0e664864cc2ede53d-le64.cache-4
7f055c08e000-7f055c092000 r--s 00000000 08:07 295649                     /var/cache/fontconfig/7ef2298fde41cc6eeb7af42e48b7d293-le64.cache-4
7f055c092000-7f055c099000 r--s 00000000 08:07 1705897                    /usr/lib/x86_64-linux-gnu/gconv/gconv-modules.cache
7f055c099000-7f055c0bf000 r--p 00000000 08:07 144190                     /usr/share/locale-langpack/es/LC_MESSAGES/libc.mo
7f055c0bf000-7f055c0c5000 r--s 002f8000 08:07 1466456                    /usr/lib/jvm/java-8-oracle/jre/lib/charsets.jar
7f055c0c5000-7f055c0d0000 r--s 00073000 08:08 6161857                    /home/cindy/Descargas/smack_3_1_0/smackx.jar
7f055c0d0000-7f055c0d3000 ---p 00000000 00:00 0 
7f055c0d3000-7f055c1d1000 rw-p 00000000 00:00 0                          [stack:3782]
7f055c1d1000-7f055c1d4000 ---p 00000000 00:00 0 
7f055c1d4000-7f055c2d2000 rw-p 00000000 00:00 0                          [stack:3781]
7f055c2d2000-7f055c2d5000 ---p 00000000 00:00 0 
7f055c2d5000-7f055c3d3000 rw-p 00000000 00:00 0                          [stack:3780]
7f055c3d3000-7f055c3d6000 ---p 00000000 00:00 0 
7f055c3d6000-7f055c4d4000 rw-p 00000000 00:00 0                          [stack:3779]
7f055c4d4000-7f055c4d5000 ---p 00000000 00:00 0 
7f055c4d5000-7f055d000000 rw-p 00000000 00:00 0                          [stack:3776]
7f055d000000-7f055daa0000 rwxp 00000000 00:00 0 
7f055daa0000-7f056c000000 ---p 00000000 00:00 0 
7f056c000000-7f056c3d8000 rw-p 00000000 00:00 0 
7f056c3d8000-7f0570000000 ---p 00000000 00:00 0 
7f0570000000-7f0570001000 r--s 00000000 08:07 290020                     /var/cache/fontconfig/56cf4f4769d0f4abc89a4895d7bd3ae1-le64.cache-4
7f0570001000-7f0570002000 r--s 00000000 08:07 290032                     /var/cache/fontconfig/b9d506c9ac06c20b433354fa67a72993-le64.cache-4
7f0570002000-7f0570003000 r--s 00000000 08:07 290009                     /var/cache/fontconfig/0c9eb80ebd1c36541ebe2852d3bb0c49-le64.cache-4
7f0570003000-7f057058c000 rw-p 00000000 00:00 0 
7f057058c000-7f0570765000 r--s 03d1f000 08:07 1466452                    /usr/lib/jvm/java-8-oracle/jre/lib/rt.jar
7f0570765000-7f05711bc000 rw-p 00000000 00:00 0 
7f05711bc000-7f05711bd000 ---p 00000000 00:00 0 
7f05711bd000-7f05712bd000 rw-p 00000000 00:00 0                          [stack:3773]
7f05712bd000-7f05712be000 ---p 00000000 00:00 0 
7f05712be000-7f05713be000 rw-p 00000000 00:00 0                          [stack:3772]
7f05713be000-7f05713bf000 ---p 00000000 00:00 0 
7f05713bf000-7f05714bf000 rw-p 00000000 00:00 0                          [stack:3771]
7f05714bf000-7f05714c0000 ---p 00000000 00:00 0 
7f05714c0000-7f05715d5000 rw-p 00000000 00:00 0                          [stack:3770]
7f05715d5000-7f0571701000 ---p 00000000 00:00 0 
7f0571701000-7f0571716000 rw-p 00000000 00:00 0 
7f0571716000-7f0571841000 ---p 00000000 00:00 0 
7f0571841000-7f0571850000 rw-p 00000000 00:00 0 
7f0571850000-7f05718e2000 ---p 00000000 00:00 0 
7f05718e2000-7f057190e000 rw-p 00000000 00:00 0 
7f057190e000-7f0571ca3000 ---p 00000000 00:00 0 
7f0571ca3000-7f0571cbd000 r-xp 00000000 08:07 676028                     /usr/lib/jvm/java-8-oracle/jre/lib/amd64/libzip.so
7f0571cbd000-7f0571ebd000 ---p 0001a000 08:07 676028                     /usr/lib/jvm/java-8-oracle/jre/lib/amd64/libzip.so
7f0571ebd000-7f0571ebe000 rw-p 0001a000 08:07 676028                     /usr/lib/jvm/java-8-oracle/jre/lib/amd64/libzip.so
7f0571ebe000-7f0571ec9000 r-xp 00000000 08:07 397692                     /lib/x86_64-linux-gnu/libnss_files-2.19.so
7f0571ec9000-7f05720c8000 ---p 0000b000 08:07 397692                     /lib/x86_64-linux-gnu/libnss_files-2.19.so
7f05720c8000-7f05720c9000 r--p 0000a000 08:07 397692                     /lib/x86_64-linux-gnu/libnss_files-2.19.so
7f05720c9000-7f05720ca000 rw-p 0000b000 08:07 397692                     /lib/x86_64-linux-gnu/libnss_files-2.19.so
7f05720ca000-7f05720d5000 r-xp 00000000 08:07 397702                     /lib/x86_64-linux-gnu/libnss_nis-2.19.so
7f05720d5000-7f05722d4000 ---p 0000b000 08:07 397702                     /lib/x86_64-linux-gnu/libnss_nis-2.19.so
7f05722d4000-7f05722d5000 r--p 0000a000 08:07 397702                     /lib/x86_64-linux-gnu/libnss_nis-2.19.so
7f05722d5000-7f05722d6000 rw-p 0000b000 08:07 397702                     /lib/x86_64-linux-gnu/libnss_nis-2.19.so
7f05722d6000-7f05722ed000 r-xp 00000000 08:07 397686                     /lib/x86_64-linux-gnu/libnsl-2.19.so
7f05722ed000-7f05724ec000 ---p 00017000 08:07 397686                     /lib/x86_64-linux-gnu/libnsl-2.19.so
7f05724ec000-7f05724ed000 r--p 00016000 08:07 397686                     /lib/x86_64-linux-gnu/libnsl-2.19.so
7f05724ed000-7f05724ee000 rw-p 00017000 08:07 397686                     /lib/x86_64-linux-gnu/libnsl-2.19.so
7f05724ee000-7f05724f0000 rw-p 00000000 00:00 0 
7f05724f0000-7f05724f9000 r-xp 00000000 08:07 397688                     /lib/x86_64-linux-gnu/libnss_compat-2.19.so
7f05724f9000-7f05726f8000 ---p 00009000 08:07 397688                     /lib/x86_64-linux-gnu/libnss_compat-2.19.so
7f05726f8000-7f05726f9000 r--p 00008000 08:07 397688                     /lib/x86_64-linux-gnu/libnss_compat-2.19.so
7f05726f9000-7f05726fa000 rw-p 00009000 08:07 397688                     /lib/x86_64-linux-gnu/libnss_compat-2.19.so
7f05726fa000-7f0572724000 r-xp 00000000 08:07 676033                     /usr/lib/jvm/java-8-oracle/jre/lib/amd64/libjava.so
7f0572724000-7f0572924000 ---p 0002a000 08:07 676033                     /usr/lib/jvm/java-8-oracle/jre/lib/amd64/libjava.so
7f0572924000-7f0572926000 rw-p 0002a000 08:07 676033                     /usr/lib/jvm/java-8-oracle/jre/lib/amd64/libjava.so
7f0572926000-7f0572933000 r-xp 00000000 08:07 676026                     /usr/lib/jvm/java-8-oracle/jre/lib/amd64/libverify.so
7f0572933000-7f0572b33000 ---p 0000d000 08:07 676026                     /usr/lib/jvm/java-8-oracle/jre/lib/amd64/libverify.so
7f0572b33000-7f0572b35000 rw-p 0000d000 08:07 676026                     /usr/lib/jvm/java-8-oracle/jre/lib/amd64/libverify.so
7f0572b35000-7f0572b3c000 r-xp 00000000 08:07 397745                     /lib/x86_64-linux-gnu/librt-2.19.so
7f0572b3c000-7f0572d3b000 ---p 00007000 08:07 397745                     /lib/x86_64-linux-gnu/librt-2.19.so
7f0572d3b000-7f0572d3c000 r--p 00006000 08:07 397745                     /lib/x86_64-linux-gnu/librt-2.19.so
7f0572d3c000-7f0572d3d000 rw-p 00007000 08:07 397745                     /lib/x86_64-linux-gnu/librt-2.19.so
7f0572d3d000-7f0572e42000 r-xp 00000000 08:07 397667                     /lib/x86_64-linux-gnu/libm-2.19.so
7f0572e42000-7f0573041000 ---p 00105000 08:07 397667                     /lib/x86_64-linux-gnu/libm-2.19.so
7f0573041000-7f0573042000 r--p 00104000 08:07 397667                     /lib/x86_64-linux-gnu/libm-2.19.so
7f0573042000-7f0573043000 rw-p 00105000 08:07 397667                     /lib/x86_64-linux-gnu/libm-2.19.so
7f0573043000-7f0573d03000 r-xp 00000000 08:07 676020                     /usr/lib/jvm/java-8-oracle/jre/lib/amd64/server/libjvm.so
7f0573d03000-7f0573f03000 ---p 00cc0000 08:07 676020                     /usr/lib/jvm/java-8-oracle/jre/lib/amd64/server/libjvm.so
7f0573f03000-7f0573fdb000 rw-p 00cc0000 08:07 676020                     /usr/lib/jvm/java-8-oracle/jre/lib/amd64/server/libjvm.so
7f0573fdb000-7f0574026000 rw-p 00000000 00:00 0 
7f0574026000-7f05741e1000 r-xp 00000000 08:07 397617                     /lib/x86_64-linux-gnu/libc-2.19.so
7f05741e1000-7f05743e1000 ---p 001bb000 08:07 397617                     /lib/x86_64-linux-gnu/libc-2.19.so
7f05743e1000-7f05743e5000 r--p 001bb000 08:07 397617                     /lib/x86_64-linux-gnu/libc-2.19.so
7f05743e5000-7f05743e7000 rw-p 001bf000 08:07 397617                     /lib/x86_64-linux-gnu/libc-2.19.so
7f05743e7000-7f05743ec000 rw-p 00000000 00:00 0 
7f05743ec000-7f05743ef000 r-xp 00000000 08:07 397634                     /lib/x86_64-linux-gnu/libdl-2.19.so
7f05743ef000-7f05745ee000 ---p 00003000 08:07 397634                     /lib/x86_64-linux-gnu/libdl-2.19.so
7f05745ee000-7f05745ef000 r--p 00002000 08:07 397634                     /lib/x86_64-linux-gnu/libdl-2.19.so
7f05745ef000-7f05745f0000 rw-p 00003000 08:07 397634                     /lib/x86_64-linux-gnu/libdl-2.19.so
7f05745f0000-7f0574605000 r-xp 00000000 08:07 928745                     /usr/lib/jvm/java-8-oracle/lib/amd64/jli/libjli.so
7f0574605000-7f0574805000 ---p 00015000 08:07 928745                     /usr/lib/jvm/java-8-oracle/lib/amd64/jli/libjli.so
7f0574805000-7f0574806000 rw-p 00015000 08:07 928745                     /usr/lib/jvm/java-8-oracle/lib/amd64/jli/libjli.so
7f0574806000-7f057481f000 r-xp 00000000 08:07 397737                     /lib/x86_64-linux-gnu/libpthread-2.19.so
7f057481f000-7f0574a1e000 ---p 00019000 08:07 397737                     /lib/x86_64-linux-gnu/libpthread-2.19.so
7f0574a1e000-7f0574a1f000 r--p 00018000 08:07 397737                     /lib/x86_64-linux-gnu/libpthread-2.19.so
7f0574a1f000-7f0574a20000 rw-p 00019000 08:07 397737                     /lib/x86_64-linux-gnu/libpthread-2.19.so
7f0574a20000-7f0574a24000 rw-p 00000000 00:00 0 
7f0574a24000-7f0574a47000 r-xp 00000000 08:07 397593                     /lib/x86_64-linux-gnu/ld-2.19.so
7f0574a47000-7f0574a4a000 r--s 00019000 08:08 5640966                    /home/cindy/Descargas/smackx-pubsub.0.6.jar
7f0574a4a000-7f0574a50000 r--s 00040000 08:08 6161854                    /home/cindy/Descargas/smack_3_1_0/smack.jar
7f0574a50000-7f0574b22000 rw-p 00000000 00:00 0 
7f0574b22000-7f0574b25000 ---p 00000000 00:00 0 
7f0574b25000-7f0574c3a000 rw-p 00000000 00:00 0                          [stack:3769]
7f0574c3a000-7f0574c42000 rw-s 00000000 08:07 674550                     /tmp/hsperfdata_cindy/3767
7f0574c42000-7f0574c43000 rw-p 00000000 00:00 0 
7f0574c43000-7f0574c44000 r--p 00000000 00:00 0 
7f0574c44000-7f0574c46000 rw-p 00000000 00:00 0 
7f0574c46000-7f0574c47000 r--p 00022000 08:07 397593                     /lib/x86_64-linux-gnu/ld-2.19.so
7f0574c47000-7f0574c48000 rw-p 00023000 08:07 397593                     /lib/x86_64-linux-gnu/ld-2.19.so
7f0574c48000-7f0574c49000 rw-p 00000000 00:00 0 
7fff9b505000-7fff9b526000 rw-p 00000000 00:00 0                          [stack]
7fff9b5ea000-7fff9b5ec000 r-xp 00000000 00:00 0                          [vdso]
7fff9b5ec000-7fff9b5ee000 r--p 00000000 00:00 0                          [vvar]
ffffffffff600000-ffffffffff601000 r-xp 00000000 00:00 0                  [vsyscall]

VM Arguments:
jvm_args: -Dfile.encoding=UTF-8 
java_command: chat.Publisher
java_class_path (initial): /home/cindy/workspace/ChatPubSub/bin:/home/cindy/Descargas/smack_3_1_0/smack.jar:/home/cindy/Descargas/smackx-pubsub.0.6.jar:/home/cindy/Descargas/smack_3_1_0/smackx.jar
Launcher Type: SUN_STANDARD

Environment Variables:
JAVA_HOME=/usr/lib/jvm/java-8-oracle
PATH=/usr/local/sbin:/usr/local/bin:/usr/sbin:/usr/bin:/sbin:/bin:/usr/games:/usr/local/games:/usr/lib/jvm/java-8-oracle/bin:/usr/lib/jvm/java-8-oracle/db/bin:/usr/lib/jvm/java-8-oracle/jre/bin
SHELL=/bin/bash
DISPLAY=:0

Signal Handlers:
SIGSEGV: [libjvm.so+0xabca10], sa_mask[0]=11111111011111111101111111111110, sa_flags=SA_RESTART|SA_SIGINFO
SIGBUS: [libjvm.so+0xabca10], sa_mask[0]=11111111011111111101111111111110, sa_flags=SA_RESTART|SA_SIGINFO
SIGFPE: [libjvm.so+0x919a20], sa_mask[0]=11111111011111111101111111111110, sa_flags=SA_RESTART|SA_SIGINFO
SIGPIPE: [libjvm.so+0x919a20], sa_mask[0]=11111111011111111101111111111110, sa_flags=SA_RESTART|SA_SIGINFO
SIGXFSZ: [libjvm.so+0x919a20], sa_mask[0]=11111111011111111101111111111110, sa_flags=SA_RESTART|SA_SIGINFO
SIGILL: [libjvm.so+0x919a20], sa_mask[0]=11111111011111111101111111111110, sa_flags=SA_RESTART|SA_SIGINFO
SIGUSR1: SIG_DFL, sa_mask[0]=00000000000000000000000000000000, sa_flags=none
SIGUSR2: [libjvm.so+0x91b050], sa_mask[0]=00100000000000000000000000000000, sa_flags=SA_RESTART|SA_SIGINFO
SIGHUP: [libjvm.so+0x91c450], sa_mask[0]=11111111011111111101111111111110, sa_flags=SA_RESTART|SA_SIGINFO
SIGINT: [libjvm.so+0x91c450], sa_mask[0]=11111111011111111101111111111110, sa_flags=SA_RESTART|SA_SIGINFO
SIGTERM: [libjvm.so+0x91c450], sa_mask[0]=11111111011111111101111111111110, sa_flags=SA_RESTART|SA_SIGINFO
SIGQUIT: [libjvm.so+0x91c450], sa_mask[0]=11111111011111111101111111111110, sa_flags=SA_RESTART|SA_SIGINFO


---------------  S Y S T E M  ---------------

OS:DISTRIB_ID=Ubuntu
DISTRIB_RELEASE=14.04
DISTRIB_CODENAME=trusty
DISTRIB_DESCRIPTION="Ubuntu 14.04.2 LTS"

uname:Linux 3.16.0-30-generic #40~14.04.1-Ubuntu SMP Thu Jan 15 17:43:14 UTC 2015 x86_64
libc:glibc 2.19 NPTL 2.19 
rlimit: STACK 8192k, CORE 0k, NPROC 15063, NOFILE 4096, AS infinity
load average:19,59 5,71 2,41

/proc/meminfo:
MemTotal:        3934368 kB
MemFree:         2500680 kB
MemAvailable:    2565328 kB
Buffers:           14688 kB
Cached:           265608 kB
SwapCached:        19440 kB
Active:           924424 kB
Inactive:         358996 kB
Active(anon):     807580 kB
Inactive(anon):   257604 kB
Active(file):     116844 kB
Inactive(file):   101392 kB
Unevictable:           0 kB
Mlocked:               0 kB
SwapTotal:       1952764 kB
SwapFree:         996664 kB
Dirty:               580 kB
Writeback:             0 kB
AnonPages:        983908 kB
Mapped:            80340 kB
Shmem:             61912 kB
Slab:              67500 kB
SReclaimable:      30676 kB
SUnreclaim:        36824 kB
KernelStack:        9952 kB
PageTables:        20656 kB
NFS_Unstable:          0 kB
Bounce:                0 kB
WritebackTmp:          0 kB
CommitLimit:     3919948 kB
Committed_AS:    4698684 kB
VmallocTotal:   34359738367 kB
VmallocUsed:      544984 kB
VmallocChunk:   34359133072 kB
HardwareCorrupted:     0 kB
AnonHugePages:    425984 kB
HugePages_Total:       0
HugePages_Free:        0
HugePages_Rsvd:        0
HugePages_Surp:        0
Hugepagesize:       2048 kB
DirectMap4k:       59132 kB
DirectMap2M:     4022272 kB


CPU:total 4 (2 cores per cpu, 2 threads per core) family 6 model 58 stepping 9, cmov, cx8, fxsr, mmx, sse, sse2, sse3, ssse3, sse4.1, sse4.2, popcnt, avx, clmul, erms, ht, tsc, tscinvbit, tscinv

/proc/cpuinfo:
processor	: 0
vendor_id	: GenuineIntel
cpu family	: 6
model		: 58
model name	: Intel(R) Core(TM) i3-3110M CPU @ 2.40GHz
stepping	: 9
microcode	: 0x17
cpu MHz		: 2010.468
cache size	: 3072 KB
physical id	: 0
siblings	: 4
core id		: 0
cpu cores	: 2
apicid		: 0
initial apicid	: 0
fpu		: yes
fpu_exception	: yes
cpuid level	: 13
wp		: yes
flags		: fpu vme de pse tsc msr pae mce cx8 apic sep mtrr pge mca cmov pat pse36 clflush dts acpi mmx fxsr sse sse2 ss ht tm pbe syscall nx rdtscp lm constant_tsc arch_perfmon pebs bts rep_good nopl xtopology nonstop_tsc aperfmperf eagerfpu pni pclmulqdq dtes64 monitor ds_cpl vmx est tm2 ssse3 cx16 xtpr pdcm pcid sse4_1 sse4_2 x2apic popcnt tsc_deadline_timer xsave avx f16c lahf_lm arat epb xsaveopt pln pts dtherm tpr_shadow vnmi flexpriority ept vpid fsgsbase smep erms
bogomips	: 4788.97
clflush size	: 64
cache_alignment	: 64
address sizes	: 36 bits physical, 48 bits virtual
power management:

processor	: 1
vendor_id	: GenuineIntel
cpu family	: 6
model		: 58
model name	: Intel(R) Core(TM) i3-3110M CPU @ 2.40GHz
stepping	: 9
microcode	: 0x17
cpu MHz		: 2241.562
cache size	: 3072 KB
physical id	: 0
siblings	: 4
core id		: 0
cpu cores	: 2
apicid		: 1
initial apicid	: 1
fpu		: yes
fpu_exception	: yes
cpuid level	: 13
wp		: yes
flags		: fpu vme de pse tsc msr pae mce cx8 apic sep mtrr pge mca cmov pat pse36 clflush dts acpi mmx fxsr sse sse2 ss ht tm pbe syscall nx rdtscp lm constant_tsc arch_perfmon pebs bts rep_good nopl xtopology nonstop_tsc aperfmperf eagerfpu pni pclmulqdq dtes64 monitor ds_cpl vmx est tm2 ssse3 cx16 xtpr pdcm pcid sse4_1 sse4_2 x2apic popcnt tsc_deadline_timer xsave avx f16c lahf_lm arat epb xsaveopt pln pts dtherm tpr_shadow vnmi flexpriority ept vpid fsgsbase smep erms
bogomips	: 4788.97
clflush size	: 64
cache_alignment	: 64
address sizes	: 36 bits physical, 48 bits virtual
power management:

processor	: 2
vendor_id	: GenuineIntel
cpu family	: 6
model		: 58
model name	: Intel(R) Core(TM) i3-3110M CPU @ 2.40GHz
stepping	: 9
microcode	: 0x17
cpu MHz		: 2240.625
cache size	: 3072 KB
physical id	: 0
siblings	: 4
core id		: 1
cpu cores	: 2
apicid		: 2
initial apicid	: 2
fpu		: yes
fpu_exception	: yes
cpuid level	: 13
wp		: yes
flags		: fpu vme de pse tsc msr pae mce cx8 apic sep mtrr pge mca cmov pat pse36 clflush dts acpi mmx fxsr sse sse2 ss ht tm pbe syscall nx rdtscp lm constant_tsc arch_perfmon pebs bts rep_good nopl xtopology nonstop_tsc aperfmperf eagerfpu pni pclmulqdq dtes64 monitor ds_cpl vmx est tm2 ssse3 cx16 xtpr pdcm pcid sse4_1 sse4_2 x2apic popcnt tsc_deadline_timer xsave avx f16c lahf_lm arat epb xsaveopt pln pts dtherm tpr_shadow vnmi flexpriority ept vpid fsgsbase smep erms
bogomips	: 4788.97
clflush size	: 64
cache_alignment	: 64
address sizes	: 36 bits physical, 48 bits virtual
power management:

processor	: 3
vendor_id	: GenuineIntel
cpu family	: 6
model		: 58
model name	: Intel(R) Core(TM) i3-3110M CPU @ 2.40GHz
stepping	: 9
microcode	: 0x17
cpu MHz		: 2339.906
cache size	: 3072 KB
physical id	: 0
siblings	: 4
core id		: 1
cpu cores	: 2
apicid		: 3
initial apicid	: 3
fpu		: yes
fpu_exception	: yes
cpuid level	: 13
wp		: yes
flags		: fpu vme de pse tsc msr pae mce cx8 apic sep mtrr pge mca cmov pat pse36 clflush dts acpi mmx fxsr sse sse2 ss ht tm pbe syscall nx rdtscp lm constant_tsc arch_perfmon pebs bts rep_good nopl xtopology nonstop_tsc aperfmperf eagerfpu pni pclmulqdq dtes64 monitor ds_cpl vmx est tm2 ssse3 cx16 xtpr pdcm pcid sse4_1 sse4_2 x2apic popcnt tsc_deadline_timer xsave avx f16c lahf_lm arat epb xsaveopt pln pts dtherm tpr_shadow vnmi flexpriority ept vpid fsgsbase smep erms
bogomips	: 4788.97
clflush size	: 64
cache_alignment	: 64
address sizes	: 36 bits physical, 48 bits virtual
power management:



Memory: 4k page, physical 3934368k(2500680k free), swap 1952764k(996664k free)

vm_info: Java HotSpot(TM) 64-Bit Server VM (25.91-b14) for linux-amd64 JRE (1.8.0_91-b14), built on Apr  1 2016 00:57:21 by "java_re" with gcc 4.3.0 20080428 (Red Hat 4.3.0-8)

time: Sat Aug  6 13:24:35 2016
elapsed time: 8935 seconds (0d 2h 28m 55s)

