#
# A fatal error has been detected by the Java Runtime Environment:
#
#  SIGSEGV (0xb) at pc=0x00007fd7690696ba, pid=2982, tid=140562167125760
#
# JRE version: Java(TM) SE Runtime Environment (8.0_91-b14) (build 1.8.0_91-b14)
# Java VM: Java HotSpot(TM) 64-Bit Server VM (25.91-b14 mixed mode linux-amd64 compressed oops)
# Problematic frame:
# v  ~BufferBlob::jni_fast_GetLongField
#
# Failed to write core dump. Core dumps have been disabled. To enable core dumping, try "ulimit -c unlimited" before starting Java again
#
# If you would like to submit a bug report, please visit:
#   http://bugreport.java.com/bugreport/crash.jsp
# The crash happened outside the Java Virtual Machine in native code.
# See problematic frame for where to report the bug.
#

---------------  T H R E A D  ---------------

Current thread (0x00007fd77829a800):  JavaThread "AWT-XAWT" daemon [_thread_in_native, id=3006, stack(0x00007fd72dfa5000,0x00007fd72e0a6000)]

siginfo: si_signo: 11 (SIGSEGV), si_code: 1 (SEGV_MAPERR), si_addr: 0x0000000000000000

Registers:
RAX=0x00007fd77ebe6d00, RBX=0x00007fd77829a9f8, RCX=0x00007fd77f64b320, RDX=0x0000000000000042
RSP=0x00007fd72e0a47f8, RBP=0x00007fd72e0a4820, RSI=0x0000000000000000, RDI=0x00007fd77829a9f8
R8 =0x00000000c3fd9e70, R9 =0x0000000000000000, R10=0x00000000000000ce, R11=0x00007fd7695f2a58
R12=0x00007fd71800d510, R13=0x0000000000000000, R14=0x00007fd72fd2d7e0, R15=0x00007fd77829a800
RIP=0x00007fd7690696ba, EFLAGS=0x0000000000010246, CSGSFS=0x0000000000000033, ERR=0x0000000000000004
  TRAPNO=0x000000000000000e

Top of Stack: (sp=0x00007fd72e0a47f8)
0x00007fd72e0a47f8:   00007fd72fb0bef1 00007fd766a026c0
0x00007fd72e0a4808:   00007fd71800d510 00007fd72e0a48d0
0x00007fd72e0a4818:   00007fd72e0a48a0 0000000000000000
0x00007fd72e0a4828:   00007fd72f5efae8 00007fd766a026c0
0x00007fd72e0a4838:   00007fd72e0a4860 0000000000000000
0x00007fd72e0a4848:   00007fd72f5e79a3 00007fd72e0a48d0
0x00007fd72e0a4858:   00007fd72fb0512f 00007fd72e0a48b0
0x00007fd72e0a4868:   00007fd7695f2af6 0000000000000000
0x00007fd72e0a4878:   00007fd7694a8276 00000000ed0ad9b0
0x00007fd72e0a4888:   00007fd7691242ec 00007fd72e0a4930
0x00007fd72e0a4898:   00007fd769502874 00000000c3e00f78
0x00007fd72e0a48a8:   00000000c3fd9530 00007fd72e0a4930
0x00007fd72e0a48b8:   00007fd769007a90 00007fd72e0a4930
0x00007fd72e0a48c8:   00007fd769007a90 0000000000000000
0x00007fd72e0a48d8:   00007fd769007dd0 00007fd720000e30
0x00007fd72e0a48e8:   00000000ed0ad9b0 00007fd72e0a48f0
0x00007fd72e0a48f8:   00007fd766af2d64 00007fd72e0a4978
0x00007fd72e0a4908:   00007fd766afc4b8 0000000000000000
0x00007fd72e0a4918:   00007fd766af2ea0 00007fd72e0a48d0
0x00007fd72e0a4928:   00007fd72e0a4970 00007fd72e0a49c0
0x00007fd72e0a4938:   00007fd7690082bd 0000000000000000
0x00007fd72e0a4948:   00000000ecf422f8 0000000000000000
0x00007fd72e0a4958:   0000000000000000 0000000000000000
0x00007fd72e0a4968:   00000000ed0ad9b0 0000000000000000
0x00007fd72e0a4978:   00000000ecf1fa18 00007fd72e0a4980
0x00007fd72e0a4988:   00007fd766af2ba5 00007fd72e0a49d0
0x00007fd72e0a4998:   00007fd766afc4b8 0000000000000000
0x00007fd72e0a49a8:   00007fd766af2bb0 00007fd72e0a4970
0x00007fd72e0a49b8:   00007fd72e0a49d0 00007fd72e0a4a18
0x00007fd72e0a49c8:   00007fd769008302 00000000ecf1fa18
0x00007fd72e0a49d8:   00007fd72e0a49d8 00007fd7665398db
0x00007fd72e0a49e8:   00007fd72e0a4a28 00007fd7665c0dd8 

Instructions: (pc=0x00007fd7690696ba)
0x00007fd76906969a:   00 00 00 00 00 00 44 8b 15 01 cc bb 15 4c 8b ce
0x00007fd7690696aa:   41 f6 c2 01 0f 85 2e 00 00 00 4d 33 ca 4d 33 ca
0x00007fd7690696ba:   4d 8b 09 4c 8b da 49 c1 eb 02 4b 8b 04 19 49 bb
0x00007fd7690696ca:   a8 62 c2 7e d7 7f 00 00 4c 33 d8 4c 33 d8 45 3b 

Register to memory mapping:

RAX=0x00007fd77ebe6d00: <offset 0xf77d00> in /usr/lib/jvm/java-8-oracle/jre/lib/amd64/server/libjvm.so at 0x00007fd77dc6f000
RBX=0x00007fd77829a9f8 is an unknown value
RCX=0x00007fd77f64b320: <offset 0x219320> in /lib/x86_64-linux-gnu/libpthread.so.0 at 0x00007fd77f432000
RDX=0x0000000000000042 is an unknown value
RSP=0x00007fd72e0a47f8 is pointing into the stack for thread: 0x00007fd77829a800
RBP=0x00007fd72e0a4820 is pointing into the stack for thread: 0x00007fd77829a800
RSI=0x0000000000000000 is an unknown value
RDI=0x00007fd77829a9f8 is an unknown value
R8 =0x00000000c3fd9e70 is an oop
java.util.logging.Logger 
 - klass: 'java/util/logging/Logger'
R9 =0x0000000000000000 is an unknown value
R10=0x00000000000000ce is an unknown value
R11=0x00007fd7695f2a58 is at entry_point+24 in (nmethod*)0x00007fd7695f28d0
R12=0x00007fd71800d510 is an unknown value
R13=0x0000000000000000 is an unknown value
R14=0x00007fd72fd2d7e0: <offset 0x2587e0> in /usr/lib/jvm/java-8-oracle/jre/lib/amd64/libawt_xawt.so at 0x00007fd72fad5000
R15=0x00007fd77829a800 is a thread


Stack: [0x00007fd72dfa5000,0x00007fd72e0a6000],  sp=0x00007fd72e0a47f8,  free space=1021k
Native frames: (J=compiled Java code, j=interpreted, Vv=VM code, C=native code)
v  ~BufferBlob::jni_fast_GetLongField
C  [libX11.so.6+0x61ae8]  _XimServerDestroy+0x58

Java frames: (J=compiled Java code, j=interpreted, Vv=VM code)
J 1899  sun.awt.X11.XlibWrapper.XFilterEvent(JJ)Z (0 bytes) @ 0x00007fd7695f2a84 [0x00007fd7695f2a40+0x44]
j  sun.awt.X11.XToolkit.run(Z)V+300
j  sun.awt.X11.XToolkit.run()V+5
j  java.lang.Thread.run()V+11
v  ~StubRoutines::call_stub

---------------  P R O C E S S  ---------------

Java Threads: ( => current thread )
  0x00007fd718018000 JavaThread "TimerQueue" daemon [_thread_blocked, id=3037, stack(0x00007fd72cdc8000,0x00007fd72cec9000)]
  0x00007fd778009800 JavaThread "DestroyJavaVM" [_thread_blocked, id=2984, stack(0x00007fd77f74e000,0x00007fd77f84f000)]
  0x00007fd7782d5000 JavaThread "AWT-EventQueue-0" [_thread_blocked, id=3008, stack(0x00007fd72dda3000,0x00007fd72dea4000)]
  0x00007fd7782d3000 JavaThread "AWT-Shutdown" [_thread_blocked, id=3007, stack(0x00007fd72dea4000,0x00007fd72dfa5000)]
=>0x00007fd77829a800 JavaThread "AWT-XAWT" daemon [_thread_in_native, id=3006, stack(0x00007fd72dfa5000,0x00007fd72e0a6000)]
  0x00007fd778276000 JavaThread "Java2D Disposer" daemon [_thread_blocked, id=3005, stack(0x00007fd7640b2000,0x00007fd7641b3000)]
  0x00007fd7780c8000 JavaThread "Service Thread" daemon [_thread_blocked, id=3001, stack(0x00007fd7644f8000,0x00007fd7645f9000)]
  0x00007fd7780bc800 JavaThread "C1 CompilerThread2" daemon [_thread_blocked, id=3000, stack(0x00007fd7645f9000,0x00007fd7646fa000)]
  0x00007fd7780bb000 JavaThread "C2 CompilerThread1" daemon [_thread_blocked, id=2999, stack(0x00007fd7646fa000,0x00007fd7647fb000)]
  0x00007fd7780b8000 JavaThread "C2 CompilerThread0" daemon [_thread_blocked, id=2998, stack(0x00007fd7647fb000,0x00007fd7648fc000)]
  0x00007fd7780b6800 JavaThread "Signal Dispatcher" daemon [_thread_blocked, id=2997, stack(0x00007fd7648fc000,0x00007fd7649fd000)]
  0x00007fd778084000 JavaThread "Finalizer" daemon [_thread_blocked, id=2995, stack(0x00007fd7650df000,0x00007fd7651e0000)]
  0x00007fd77807f000 JavaThread "Reference Handler" daemon [_thread_blocked, id=2994, stack(0x00007fd7651e0000,0x00007fd7652e1000)]

Other Threads:
  0x00007fd778077800 VMThread [stack: 0x00007fd7652e1000,0x00007fd7653e2000] [id=2989]
  0x00007fd7780cb000 WatcherThread [stack: 0x00007fd7643f7000,0x00007fd7644f8000] [id=3002]

VM state:not at safepoint (normal execution)

VM Mutex/Monitor currently owned by a thread: None

Heap:
 PSYoungGen      total 18432K, used 12184K [0x00000000ebf80000, 0x00000000ed400000, 0x0000000100000000)
  eden space 15872K, 60% used [0x00000000ebf80000,0x00000000ec8edc30,0x00000000ecf00000)
  from space 2560K, 98% used [0x00000000ecf00000,0x00000000ed178480,0x00000000ed180000)
  to   space 2560K, 0% used [0x00000000ed180000,0x00000000ed180000,0x00000000ed400000)
 ParOldGen       total 42496K, used 4675K [0x00000000c3e00000, 0x00000000c6780000, 0x00000000ebf80000)
  object space 42496K, 11% used [0x00000000c3e00000,0x00000000c4290c58,0x00000000c6780000)
 Metaspace       used 18353K, capacity 18696K, committed 19072K, reserved 1067008K
  class space    used 2033K, capacity 2142K, committed 2176K, reserved 1048576K

Card table byte_map: [0x00007fd77c32d000,0x00007fd77c50f000] byte_map_base: 0x00007fd77bd0e000

Marking Bits: (ParMarkBitMap*) 0x00007fd77ec25d60
 Begin Bits: [0x00007fd766eed000, 0x00007fd767df5000)
 End Bits:   [0x00007fd767df5000, 0x00007fd768cfd000)

Polling page: 0x00007fd77f86f000

CodeCache: size=245760Kb used=8395Kb max_used=8486Kb free=237364Kb
 bounds [0x00007fd769000000, 0x00007fd769860000, 0x00007fd778000000]
 total_blobs=2985 nmethods=2400 adapters=497
 compilation: enabled

Compilation events (10 events):
Event: 6385,175 Thread 0x00007fd7780bc800 2580       3       java.util.Vector$Itr::<init> (6 bytes)
Event: 6385,175 Thread 0x00007fd7780bc800 nmethod 2580 0x00007fd7693acd90 code [0x00007fd7693acf00, 0x00007fd7693ad130]
Event: 6453,602 Thread 0x00007fd7780bc800 2581  s    3       java.util.Vector::toArray (12 bytes)
Event: 6453,602 Thread 0x00007fd7780bc800 nmethod 2581 0x00007fd7691e01d0 code [0x00007fd7691e0340, 0x00007fd7691e0748]
Event: 6521,217 Thread 0x00007fd7780bc800 2582       3       java.util.Vector::<init> (53 bytes)
Event: 6521,219 Thread 0x00007fd7780bc800 nmethod 2582 0x00007fd769260b90 code [0x00007fd769260d40, 0x00007fd7692611f8]
Event: 9344,093 Thread 0x00007fd7780bc800 2584       3       sun.awt.X11.XMSelection$1::dispatchEvent (10 bytes)
Event: 9344,273 Thread 0x00007fd7780bc800 nmethod 2584 0x00007fd76915de90 code [0x00007fd76915e040, 0x00007fd76915e498]
Event: 9344,357 Thread 0x00007fd7780bc800 2583   !   3       sun.awt.X11.XToolkit$1::dispatchEvent (34 bytes)
Event: 9344,369 Thread 0x00007fd7780bc800 nmethod 2583 0x00007fd76946df90 code [0x00007fd76946e1e0, 0x00007fd76946eff8]

GC Heap History (6 events):
Event: 3,307 GC heap before
{Heap before GC invocations=1 (full 0):
 PSYoungGen      total 18432K, used 15872K [0x00000000ebf80000, 0x00000000ed400000, 0x0000000100000000)
  eden space 15872K, 100% used [0x00000000ebf80000,0x00000000ecf00000,0x00000000ecf00000)
  from space 2560K, 0% used [0x00000000ed180000,0x00000000ed180000,0x00000000ed400000)
  to   space 2560K, 0% used [0x00000000ecf00000,0x00000000ecf00000,0x00000000ed180000)
 ParOldGen       total 42496K, used 0K [0x00000000c3e00000, 0x00000000c6780000, 0x00000000ebf80000)
  object space 42496K, 0% used [0x00000000c3e00000,0x00000000c3e00000,0x00000000c6780000)
 Metaspace       used 14290K, capacity 14558K, committed 14848K, reserved 1062912K
  class space    used 1673K, capacity 1750K, committed 1792K, reserved 1048576K
Event: 3,317 GC heap after
Heap after GC invocations=1 (full 0):
 PSYoungGen      total 18432K, used 2544K [0x00000000ebf80000, 0x00000000ed400000, 0x0000000100000000)
  eden space 15872K, 0% used [0x00000000ebf80000,0x00000000ebf80000,0x00000000ecf00000)
  from space 2560K, 99% used [0x00000000ecf00000,0x00000000ed17c040,0x00000000ed180000)
  to   space 2560K, 0% used [0x00000000ed180000,0x00000000ed180000,0x00000000ed400000)
 ParOldGen       total 42496K, used 1802K [0x00000000c3e00000, 0x00000000c6780000, 0x00000000ebf80000)
  object space 42496K, 4% used [0x00000000c3e00000,0x00000000c3fc2a50,0x00000000c6780000)
 Metaspace       used 14290K, capacity 14558K, committed 14848K, reserved 1062912K
  class space    used 1673K, capacity 1750K, committed 1792K, reserved 1048576K
}
Event: 35,106 GC heap before
{Heap before GC invocations=2 (full 0):
 PSYoungGen      total 18432K, used 18416K [0x00000000ebf80000, 0x00000000ed400000, 0x0000000100000000)
  eden space 15872K, 100% used [0x00000000ebf80000,0x00000000ecf00000,0x00000000ecf00000)
  from space 2560K, 99% used [0x00000000ecf00000,0x00000000ed17c040,0x00000000ed180000)
  to   space 2560K, 0% used [0x00000000ed180000,0x00000000ed180000,0x00000000ed400000)
 ParOldGen       total 42496K, used 1802K [0x00000000c3e00000, 0x00000000c6780000, 0x00000000ebf80000)
  object space 42496K, 4% used [0x00000000c3e00000,0x00000000c3fc2a50,0x00000000c6780000)
 Metaspace       used 17771K, capacity 18046K, committed 18304K, reserved 1064960K
  class space    used 1989K, capacity 2075K, committed 2176K, reserved 1048576K
Event: 35,115 GC heap after
Heap after GC invocations=2 (full 0):
 PSYoungGen      total 18432K, used 2547K [0x00000000ebf80000, 0x00000000ed400000, 0x0000000100000000)
  eden space 15872K, 0% used [0x00000000ebf80000,0x00000000ebf80000,0x00000000ecf00000)
  from space 2560K, 99% used [0x00000000ed180000,0x00000000ed3fcca0,0x00000000ed400000)
  to   space 2560K, 0% used [0x00000000ecf00000,0x00000000ecf00000,0x00000000ed180000)
 ParOldGen       total 42496K, used 4507K [0x00000000c3e00000, 0x00000000c6780000, 0x00000000ebf80000)
  object space 42496K, 10% used [0x00000000c3e00000,0x00000000c4266c58,0x00000000c6780000)
 Metaspace       used 17771K, capacity 18046K, committed 18304K, reserved 1064960K
  class space    used 1989K, capacity 2075K, committed 2176K, reserved 1048576K
}
Event: 123,534 GC heap before
{Heap before GC invocations=3 (full 0):
 PSYoungGen      total 18432K, used 18419K [0x00000000ebf80000, 0x00000000ed400000, 0x0000000100000000)
  eden space 15872K, 100% used [0x00000000ebf80000,0x00000000ecf00000,0x00000000ecf00000)
  from space 2560K, 99% used [0x00000000ed180000,0x00000000ed3fcca0,0x00000000ed400000)
  to   space 2560K, 0% used [0x00000000ecf00000,0x00000000ecf00000,0x00000000ed180000)
 ParOldGen       total 42496K, used 4507K [0x00000000c3e00000, 0x00000000c6780000, 0x00000000ebf80000)
  object space 42496K, 10% used [0x00000000c3e00000,0x00000000c4266c58,0x00000000c6780000)
 Metaspace       used 18248K, capacity 18558K, committed 18816K, reserved 1067008K
  class space    used 2026K, capacity 2139K, committed 2176K, reserved 1048576K
Event: 123,539 GC heap after
Heap after GC invocations=3 (full 0):
 PSYoungGen      total 18432K, used 2529K [0x00000000ebf80000, 0x00000000ed400000, 0x0000000100000000)
  eden space 15872K, 0% used [0x00000000ebf80000,0x00000000ebf80000,0x00000000ecf00000)
  from space 2560K, 98% used [0x00000000ecf00000,0x00000000ed178480,0x00000000ed180000)
  to   space 2560K, 0% used [0x00000000ed180000,0x00000000ed180000,0x00000000ed400000)
 ParOldGen       total 42496K, used 4675K [0x00000000c3e00000, 0x00000000c6780000, 0x00000000ebf80000)
  object space 42496K, 11% used [0x00000000c3e00000,0x00000000c4290c58,0x00000000c6780000)
 Metaspace       used 18248K, capacity 18558K, committed 18816K, reserved 1067008K
  class space    used 2026K, capacity 2139K, committed 2176K, reserved 1048576K
}

Deoptimization events (10 events):
Event: 161,929 Thread 0x00007fd7782d5000 Uncommon trap: reason=unstable_if action=reinterpret pc=0x00007fd769829bc4 method=sun.awt.image.SurfaceManager.getCacheData(Ljava/lang/Object;)Ljava/lang/Object; @ 4
Event: 164,161 Thread 0x00007fd7782d5000 Uncommon trap: reason=class_check action=maybe_recompile pc=0x00007fd76921ae40 method=java.awt.EventQueue.dispatchEventImpl(Ljava/awt/AWTEvent;Ljava/lang/Object;)V @ 18
Event: 164,161 Thread 0x00007fd7782d5000 Uncommon trap: reason=class_check action=maybe_recompile pc=0x00007fd76921ae40 method=java.awt.EventQueue.dispatchEventImpl(Ljava/awt/AWTEvent;Ljava/lang/Object;)V @ 18
Event: 164,161 Thread 0x00007fd7782d5000 Uncommon trap: reason=class_check action=maybe_recompile pc=0x00007fd76921ae40 method=java.awt.EventQueue.dispatchEventImpl(Ljava/awt/AWTEvent;Ljava/lang/Object;)V @ 18
Event: 164,161 Thread 0x00007fd7782d5000 Uncommon trap: reason=class_check action=maybe_recompile pc=0x00007fd76921ae40 method=java.awt.EventQueue.dispatchEventImpl(Ljava/awt/AWTEvent;Ljava/lang/Object;)V @ 18
Event: 208,667 Thread 0x00007fd7782d5000 Uncommon trap: reason=class_check action=maybe_recompile pc=0x00007fd76975c5e8 method=java.awt.EventQueue.uncacheEQItem(Lsun/awt/EventQueueItem;)V @ 20
Event: 208,667 Thread 0x00007fd7782d5000 Uncommon trap: reason=class_check action=maybe_recompile pc=0x00007fd769155b40 method=java.awt.EventQueue.setCurrentEventAndMostRecentTimeImpl(Ljava/awt/AWTEvent;)V @ 135
Event: 9888,321 Thread 0x00007fd7782d5000 Uncommon trap: reason=unstable_if action=reinterpret pc=0x00007fd7697c2744 method=java.util.concurrent.locks.ReentrantLock$Sync.isHeldExclusively()Z @ 7
Event: 9889,596 Thread 0x00007fd7782d5000 Uncommon trap: reason=class_check action=maybe_recompile pc=0x00007fd76975c5e8 method=java.awt.EventQueue.uncacheEQItem(Lsun/awt/EventQueueItem;)V @ 20
Event: 9889,617 Thread 0x00007fd7782d5000 Uncommon trap: reason=class_check action=maybe_recompile pc=0x00007fd769155b40 method=java.awt.EventQueue.setCurrentEventAndMostRecentTimeImpl(Ljava/awt/AWTEvent;)V @ 135

Internal exceptions (10 events):
Event: 0,250 Thread 0x00007fd778009800 Exception <a 'java/security/PrivilegedActionException'> (0x00000000ec0e9708) thrown at [/HUDSON/workspace/8-2-build-linux-amd64/jdk8u91/6644/hotspot/src/share/vm/prims/jvm.cpp, line 1386]
Event: 0,250 Thread 0x00007fd778009800 Exception <a 'java/security/PrivilegedActionException'> (0x00000000ec0e9918) thrown at [/HUDSON/workspace/8-2-build-linux-amd64/jdk8u91/6644/hotspot/src/share/vm/prims/jvm.cpp, line 1386]
Event: 0,981 Thread 0x00007fd778009800 Exception <a 'java/lang/NoSuchFieldError': method resolution failed> (0x00000000ec339250) thrown at [/HUDSON/workspace/8-2-build-linux-amd64/jdk8u91/6644/hotspot/src/share/vm/prims/methodHandles.cpp, line 1146]
Event: 0,984 Thread 0x00007fd778009800 Exception <a 'java/lang/NoSuchFieldError': method resolution failed> (0x00000000ec3469a0) thrown at [/HUDSON/workspace/8-2-build-linux-amd64/jdk8u91/6644/hotspot/src/share/vm/prims/methodHandles.cpp, line 1146]
Event: 1,156 Thread 0x00007fd778009800 Exception <a 'java/io/FileNotFoundException'> (0x00000000ec3c63e8) thrown at [/HUDSON/workspace/8-2-build-linux-amd64/jdk8u91/6644/hotspot/src/share/vm/prims/jni.cpp, line 709]
Event: 1,156 Thread 0x00007fd778009800 Exception <a 'java/io/FileNotFoundException'> (0x00000000ec3c6e90) thrown at [/HUDSON/workspace/8-2-build-linux-amd64/jdk8u91/6644/hotspot/src/share/vm/prims/jni.cpp, line 709]
Event: 3,274 Thread 0x00007fd7782d5000 Exception <a 'java/lang/UnsupportedOperationException': > (0x00000000ec566e48) thrown at [/HUDSON/workspace/8-2-build-linux-amd64/jdk8u91/6644/hotspot/src/share/vm/prims/jni.cpp, line 735]
Event: 3,302 Thread 0x00007fd77839f000 Exception <a 'java/lang/reflect/InvocationTargetException'> (0x00000000eceb4180) thrown at [/HUDSON/workspace/8-2-build-linux-amd64/jdk8u91/6644/hotspot/src/share/vm/runtime/reflection.cpp, line 1092]
Event: 3,565 Thread 0x00007fd77839f000 Implicit null exception at 0x00007fd76932e078 to 0x00007fd76932e201
Event: 4,233 Thread 0x00007fd77839f000 Exception <a 'java/net/SocketException': Socket closed> (0x00000000ecc229a8) thrown at [/HUDSON/workspace/8-2-build-linux-amd64/jdk8u91/6644/hotspot/src/share/vm/prims/jni.cpp, line 735]

Events (10 events):
Event: 9889,519 loading class sun/awt/X11/XUnmapEvent
Event: 9889,550 loading class sun/awt/X11/XUnmapEvent done
Event: 9889,596 Thread 0x00007fd7782d5000 Uncommon trap: trap_request=0xffffffde fr.pc=0x00007fd76975c5e8
Event: 9889,596 Thread 0x00007fd7782d5000 DEOPT PACKING pc=0x00007fd76975c5e8 sp=0x00007fd72dea2390
Event: 9889,596 Thread 0x00007fd7782d5000 DEOPT UNPACKING pc=0x00007fd769005229 sp=0x00007fd72dea22d0 mode 2
Event: 9889,617 Thread 0x00007fd7782d5000 Uncommon trap: trap_request=0xffffffde fr.pc=0x00007fd769155b40
Event: 9889,617 Thread 0x00007fd7782d5000 DEOPT PACKING pc=0x00007fd769155b40 sp=0x00007fd72dea1720
Event: 9889,617 Thread 0x00007fd7782d5000 DEOPT UNPACKING pc=0x00007fd769005229 sp=0x00007fd72dea16d8 mode 2
Event: 10208,541 loading class sun/awt/X11/XDestroyWindowEvent
Event: 10209,711 loading class sun/awt/X11/XDestroyWindowEvent done


Dynamic libraries:
00400000-00401000 r-xp 00000000 08:07 1466507                            /usr/lib/jvm/java-8-oracle/bin/java
00600000-00601000 rw-p 00000000 08:07 1466507                            /usr/lib/jvm/java-8-oracle/bin/java
014fc000-0151d000 rw-p 00000000 00:00 0                                  [heap]
c3e00000-c6780000 rw-p 00000000 00:00 0 
c6780000-ebf80000 ---p 00000000 00:00 0 
ebf80000-ed400000 rw-p 00000000 00:00 0 
ed400000-100000000 ---p 00000000 00:00 0 
100000000-100220000 rw-p 00000000 00:00 0 
100220000-140000000 ---p 00000000 00:00 0 
7fd708000000-7fd708021000 rw-p 00000000 00:00 0 
7fd708021000-7fd70c000000 ---p 00000000 00:00 0 
7fd710000000-7fd710328000 rw-p 00000000 00:00 0 
7fd710328000-7fd714000000 ---p 00000000 00:00 0 
7fd714000000-7fd714021000 rw-p 00000000 00:00 0 
7fd714021000-7fd718000000 ---p 00000000 00:00 0 
7fd718000000-7fd71803b000 rw-p 00000000 00:00 0 
7fd71803b000-7fd71c000000 ---p 00000000 00:00 0 
7fd71c000000-7fd71c021000 rw-p 00000000 00:00 0 
7fd71c021000-7fd720000000 ---p 00000000 00:00 0 
7fd720000000-7fd720026000 rw-p 00000000 00:00 0 
7fd720026000-7fd724000000 ---p 00000000 00:00 0 
7fd724000000-7fd724021000 rw-p 00000000 00:00 0 
7fd724021000-7fd728000000 ---p 00000000 00:00 0 
7fd728000000-7fd728021000 rw-p 00000000 00:00 0 
7fd728021000-7fd72c000000 ---p 00000000 00:00 0 
7fd72c8bd000-7fd72c93d000 rw-p 00000000 00:00 0 
7fd72c93d000-7fd72cac0000 ---p 00000000 00:00 0 
7fd72cac0000-7fd72cbbe000 rw-p 00000000 00:00 0 
7fd72cbbe000-7fd72cbc8000 r--s 00116000 08:07 1466445                    /usr/lib/jvm/java-8-oracle/jre/lib/ext/localedata.jar
7fd72cbc8000-7fd72cdc8000 rw-p 00000000 00:00 0 
7fd72cdc8000-7fd72cdcb000 ---p 00000000 00:00 0 
7fd72cdcb000-7fd72d0c9000 rw-p 00000000 00:00 0                          [stack:3037]
7fd72d0c9000-7fd72d0fb000 r-xp 00000000 08:07 676038                     /usr/lib/jvm/java-8-oracle/jre/lib/amd64/libsunec.so
7fd72d0fb000-7fd72d2fa000 ---p 00032000 08:07 676038                     /usr/lib/jvm/java-8-oracle/jre/lib/amd64/libsunec.so
7fd72d2fa000-7fd72d300000 rw-p 00031000 08:07 676038                     /usr/lib/jvm/java-8-oracle/jre/lib/amd64/libsunec.so
7fd72d300000-7fd72d310000 rw-p 00000000 00:00 0 
7fd72d310000-7fd72d313000 ---p 00000000 00:00 0 
7fd72d313000-7fd72d411000 rw-p 00000000 00:00 0 
7fd72d411000-7fd72d414000 ---p 00000000 00:00 0 
7fd72d414000-7fd72d512000 rw-p 00000000 00:00 0 
7fd72d512000-7fd72d57b000 r-xp 00000000 08:07 676047                     /usr/lib/jvm/java-8-oracle/jre/lib/amd64/libt2k.so
7fd72d57b000-7fd72d77b000 ---p 00069000 08:07 676047                     /usr/lib/jvm/java-8-oracle/jre/lib/amd64/libt2k.so
7fd72d77b000-7fd72d782000 rw-p 00069000 08:07 676047                     /usr/lib/jvm/java-8-oracle/jre/lib/amd64/libt2k.so
7fd72d782000-7fd72d792000 rw-p 00000000 00:00 0 
7fd72d792000-7fd72d7a3000 r-xp 00000000 08:07 676067                     /usr/lib/jvm/java-8-oracle/jre/lib/amd64/libnio.so
7fd72d7a3000-7fd72d9a2000 ---p 00011000 08:07 676067                     /usr/lib/jvm/java-8-oracle/jre/lib/amd64/libnio.so
7fd72d9a2000-7fd72d9a3000 rw-p 00010000 08:07 676067                     /usr/lib/jvm/java-8-oracle/jre/lib/amd64/libnio.so
7fd72d9a3000-7fd72dba3000 rw-p 00000000 00:00 0 
7fd72dba3000-7fd72dda3000 rw-p 00000000 00:00 0 
7fd72dda3000-7fd72dda6000 ---p 00000000 00:00 0 
7fd72dda6000-7fd72dea4000 rw-p 00000000 00:00 0                          [stack:3008]
7fd72dea4000-7fd72dea7000 ---p 00000000 00:00 0 
7fd72dea7000-7fd72dfa5000 rw-p 00000000 00:00 0                          [stack:3007]
7fd72dfa5000-7fd72dfa8000 ---p 00000000 00:00 0 
7fd72dfa8000-7fd72e0a6000 rw-p 00000000 00:00 0                          [stack:3006]
7fd72e0a6000-7fd72e0ab000 r-xp 00000000 08:07 1449720                    /usr/lib/x86_64-linux-gnu/libXfixes.so.3.1.0
7fd72e0ab000-7fd72e2aa000 ---p 00005000 08:07 1449720                    /usr/lib/x86_64-linux-gnu/libXfixes.so.3.1.0
7fd72e2aa000-7fd72e2ab000 r--p 00004000 08:07 1449720                    /usr/lib/x86_64-linux-gnu/libXfixes.so.3.1.0
7fd72e2ab000-7fd72e2ac000 rw-p 00005000 08:07 1449720                    /usr/lib/x86_64-linux-gnu/libXfixes.so.3.1.0
7fd72e2ac000-7fd72e2b5000 r-xp 00000000 08:07 1452003                    /usr/lib/x86_64-linux-gnu/libXcursor.so.1.0.2
7fd72e2b5000-7fd72e4b4000 ---p 00009000 08:07 1452003                    /usr/lib/x86_64-linux-gnu/libXcursor.so.1.0.2
7fd72e4b4000-7fd72e4b5000 r--p 00008000 08:07 1452003                    /usr/lib/x86_64-linux-gnu/libXcursor.so.1.0.2
7fd72e4b5000-7fd72e4b6000 rw-p 00009000 08:07 1452003                    /usr/lib/x86_64-linux-gnu/libXcursor.so.1.0.2
7fd72e4b6000-7fd72e4cc000 r-xp 00000000 08:07 397644                     /lib/x86_64-linux-gnu/libgcc_s.so.1
7fd72e4cc000-7fd72e6cb000 ---p 00016000 08:07 397644                     /lib/x86_64-linux-gnu/libgcc_s.so.1
7fd72e6cb000-7fd72e6cc000 rw-p 00015000 08:07 397644                     /lib/x86_64-linux-gnu/libgcc_s.so.1
7fd72e6cc000-7fd72e731000 r-xp 00000000 08:07 676030                     /usr/lib/jvm/java-8-oracle/jre/lib/amd64/libfontmanager.so
7fd72e731000-7fd72e930000 ---p 00065000 08:07 676030                     /usr/lib/jvm/java-8-oracle/jre/lib/amd64/libfontmanager.so
7fd72e930000-7fd72e935000 rw-p 00064000 08:07 676030                     /usr/lib/jvm/java-8-oracle/jre/lib/amd64/libfontmanager.so
7fd72e935000-7fd72e945000 rw-p 00000000 00:00 0 
7fd72e945000-7fd72e94a000 r-xp 00000000 08:07 1452007                    /usr/lib/x86_64-linux-gnu/libXdmcp.so.6.0.0
7fd72e94a000-7fd72eb49000 ---p 00005000 08:07 1452007                    /usr/lib/x86_64-linux-gnu/libXdmcp.so.6.0.0
7fd72eb49000-7fd72eb4a000 r--p 00004000 08:07 1452007                    /usr/lib/x86_64-linux-gnu/libXdmcp.so.6.0.0
7fd72eb4a000-7fd72eb4b000 rw-p 00005000 08:07 1452007                    /usr/lib/x86_64-linux-gnu/libXdmcp.so.6.0.0
7fd72eb4b000-7fd72eb4d000 r-xp 00000000 08:07 1451996                    /usr/lib/x86_64-linux-gnu/libXau.so.6.0.0
7fd72eb4d000-7fd72ed4d000 ---p 00002000 08:07 1451996                    /usr/lib/x86_64-linux-gnu/libXau.so.6.0.0
7fd72ed4d000-7fd72ed4e000 r--p 00002000 08:07 1451996                    /usr/lib/x86_64-linux-gnu/libXau.so.6.0.0
7fd72ed4e000-7fd72ed4f000 rw-p 00003000 08:07 1451996                    /usr/lib/x86_64-linux-gnu/libXau.so.6.0.0
7fd72ed4f000-7fd72ed6c000 r-xp 00000000 08:07 1453064                    /usr/lib/x86_64-linux-gnu/libxcb.so.1.1.0
7fd72ed6c000-7fd72ef6c000 ---p 0001d000 08:07 1453064                    /usr/lib/x86_64-linux-gnu/libxcb.so.1.1.0
7fd72ef6c000-7fd72ef6d000 r--p 0001d000 08:07 1453064                    /usr/lib/x86_64-linux-gnu/libxcb.so.1.1.0
7fd72ef6d000-7fd72ef6e000 rw-p 0001e000 08:07 1453064                    /usr/lib/x86_64-linux-gnu/libxcb.so.1.1.0
7fd72ef6e000-7fd72ef7d000 r-xp 00000000 08:07 1464896                    /usr/lib/x86_64-linux-gnu/libXi.so.6.1.0
7fd72ef7d000-7fd72f17c000 ---p 0000f000 08:07 1464896                    /usr/lib/x86_64-linux-gnu/libXi.so.6.1.0
7fd72f17c000-7fd72f17d000 r--p 0000e000 08:07 1464896                    /usr/lib/x86_64-linux-gnu/libXi.so.6.1.0
7fd72f17d000-7fd72f17e000 rw-p 0000f000 08:07 1464896                    /usr/lib/x86_64-linux-gnu/libXi.so.6.1.0
7fd72f17e000-7fd72f183000 r-xp 00000000 08:07 1452037                    /usr/lib/x86_64-linux-gnu/libXtst.so.6.1.0
7fd72f183000-7fd72f382000 ---p 00005000 08:07 1452037                    /usr/lib/x86_64-linux-gnu/libXtst.so.6.1.0
7fd72f382000-7fd72f383000 r--p 00004000 08:07 1452037                    /usr/lib/x86_64-linux-gnu/libXtst.so.6.1.0
7fd72f383000-7fd72f384000 rw-p 00005000 08:07 1452037                    /usr/lib/x86_64-linux-gnu/libXtst.so.6.1.0
7fd72f384000-7fd72f38d000 r-xp 00000000 08:07 1464904                    /usr/lib/x86_64-linux-gnu/libXrender.so.1.3.0
7fd72f38d000-7fd72f58c000 ---p 00009000 08:07 1464904                    /usr/lib/x86_64-linux-gnu/libXrender.so.1.3.0
7fd72f58c000-7fd72f58d000 r--p 00008000 08:07 1464904                    /usr/lib/x86_64-linux-gnu/libXrender.so.1.3.0
7fd72f58d000-7fd72f58e000 rw-p 00009000 08:07 1464904                    /usr/lib/x86_64-linux-gnu/libXrender.so.1.3.0
7fd72f58e000-7fd72f6be000 r-xp 00000000 08:07 1451992                    /usr/lib/x86_64-linux-gnu/libX11.so.6.3.0
7fd72f6be000-7fd72f8be000 ---p 00130000 08:07 1451992                    /usr/lib/x86_64-linux-gnu/libX11.so.6.3.0
7fd72f8be000-7fd72f8bf000 r--p 00130000 08:07 1451992                    /usr/lib/x86_64-linux-gnu/libX11.so.6.3.0
7fd72f8bf000-7fd72f8c3000 rw-p 00131000 08:07 1451992                    /usr/lib/x86_64-linux-gnu/libX11.so.6.3.0
7fd72f8c3000-7fd72f8d4000 r-xp 00000000 08:07 1449673                    /usr/lib/x86_64-linux-gnu/libXext.so.6.4.0
7fd72f8d4000-7fd72fad3000 ---p 00011000 08:07 1449673                    /usr/lib/x86_64-linux-gnu/libXext.so.6.4.0
7fd72fad3000-7fd72fad4000 r--p 00010000 08:07 1449673                    /usr/lib/x86_64-linux-gnu/libXext.so.6.4.0
7fd72fad4000-7fd72fad5000 rw-p 00011000 08:07 1449673                    /usr/lib/x86_64-linux-gnu/libXext.so.6.4.0
7fd72fad5000-7fd72fb29000 r-xp 00000000 08:07 676014                     /usr/lib/jvm/java-8-oracle/jre/lib/amd64/libawt_xawt.so
7fd72fb29000-7fd72fd29000 ---p 00054000 08:07 676014                     /usr/lib/jvm/java-8-oracle/jre/lib/amd64/libawt_xawt.so
7fd72fd29000-7fd72fd2d000 rw-p 00054000 08:07 676014                     /usr/lib/jvm/java-8-oracle/jre/lib/amd64/libawt_xawt.so
7fd72fd2d000-7fd72fd2e000 rw-p 00000000 00:00 0 
7fd72fd2e000-7fd72fdd0000 r-xp 00000000 08:07 676075                     /usr/lib/jvm/java-8-oracle/jre/lib/amd64/libawt.so
7fd72fdd0000-7fd72ffd0000 ---p 000a2000 08:07 676075                     /usr/lib/jvm/java-8-oracle/jre/lib/amd64/libawt.so
7fd72ffd0000-7fd72ffdc000 rw-p 000a2000 08:07 676075                     /usr/lib/jvm/java-8-oracle/jre/lib/amd64/libawt.so
7fd72ffdc000-7fd730000000 rw-p 00000000 00:00 0 
7fd730000000-7fd730021000 rw-p 00000000 00:00 0 
7fd730021000-7fd734000000 ---p 00000000 00:00 0 
7fd734000000-7fd734021000 rw-p 00000000 00:00 0 
7fd734021000-7fd738000000 ---p 00000000 00:00 0 
7fd738000000-7fd73909a000 rw-p 00000000 00:00 0 
7fd73909a000-7fd73c000000 ---p 00000000 00:00 0 
7fd73c000000-7fd73c81c000 rw-p 00000000 00:00 0 
7fd73c81c000-7fd740000000 ---p 00000000 00:00 0 
7fd740000000-7fd740021000 rw-p 00000000 00:00 0 
7fd740021000-7fd744000000 ---p 00000000 00:00 0 
7fd744000000-7fd744fe2000 rw-p 00000000 00:00 0 
7fd744fe2000-7fd748000000 ---p 00000000 00:00 0 
7fd748000000-7fd748021000 rw-p 00000000 00:00 0 
7fd748021000-7fd74c000000 ---p 00000000 00:00 0 
7fd74c000000-7fd74c021000 rw-p 00000000 00:00 0 
7fd74c021000-7fd750000000 ---p 00000000 00:00 0 
7fd750000000-7fd750021000 rw-p 00000000 00:00 0 
7fd750021000-7fd754000000 ---p 00000000 00:00 0 
7fd754000000-7fd754021000 rw-p 00000000 00:00 0 
7fd754021000-7fd758000000 ---p 00000000 00:00 0 
7fd758000000-7fd758021000 rw-p 00000000 00:00 0 
7fd758021000-7fd75c000000 ---p 00000000 00:00 0 
7fd75c000000-7fd75c021000 rw-p 00000000 00:00 0 
7fd75c021000-7fd760000000 ---p 00000000 00:00 0 
7fd760000000-7fd760021000 rw-p 00000000 00:00 0 
7fd760021000-7fd764000000 ---p 00000000 00:00 0 
7fd764000000-7fd76401c000 r--s 00393000 08:07 1466441                    /usr/lib/jvm/java-8-oracle/jre/lib/ext/cldrdata.jar
7fd76401c000-7fd764022000 r--s 0003f000 08:07 1466448                    /usr/lib/jvm/java-8-oracle/jre/lib/ext/sunjce_provider.jar
7fd764022000-7fd764023000 r--s 00009000 08:07 1466444                    /usr/lib/jvm/java-8-oracle/jre/lib/ext/sunec.jar
7fd764023000-7fd764026000 r--s 0001a000 08:07 1466457                    /usr/lib/jvm/java-8-oracle/jre/lib/jce.jar
7fd764026000-7fd76402a000 r--s 00097000 08:07 1466454                    /usr/lib/jvm/java-8-oracle/jre/lib/jsse.jar
7fd76402a000-7fd76402b000 r--s 00000000 08:07 290033                     /var/cache/fontconfig/c05880de57d1f5e948fdfacc138775d9-le64.cache-4
7fd76402b000-7fd764036000 r--s 00000000 08:07 290027                     /var/cache/fontconfig/945677eb7aeaf62f1d50efc3fb3ec7d8-le64.cache-4
7fd764036000-7fd76403c000 r--s 00000000 08:07 290013                     /var/cache/fontconfig/2cd17615ca594fa2959ae173292e504c-le64.cache-4
7fd76403c000-7fd76403d000 r--s 00000000 08:07 290043                     /var/cache/fontconfig/e7071f4a29fa870f4323321c154eba04-le64.cache-4
7fd76403d000-7fd76403e000 r--s 00000000 08:07 290010                     /var/cache/fontconfig/0d8c3b2ac0904cb8a57a757ad11a4a08-le64.cache-4
7fd76403e000-7fd764045000 r--s 00000000 08:07 290030                     /var/cache/fontconfig/a755afe4a08bf5b97852ceb7400b47bc-le64.cache-4
7fd764045000-7fd764049000 r--s 00000000 08:07 295650                     /var/cache/fontconfig/6d41288fd70b0be22e8c3a91e032eec0-le64.cache-4
7fd764049000-7fd76405d000 r--s 00000000 08:07 290008                     /var/cache/fontconfig/04aabc0a78ac019cf9454389977116d2-le64.cache-4
7fd76405d000-7fd76405e000 r--s 00000000 08:07 290012                     /var/cache/fontconfig/1ac9eb803944fde146138c791f5cc56a-le64.cache-4
7fd76405e000-7fd764062000 r--s 00000000 08:07 290016                     /var/cache/fontconfig/385c0604a188198f04d133e54aba7fe7-le64.cache-4
7fd764062000-7fd764063000 r--s 00000000 08:07 290040                     /var/cache/fontconfig/dc05db6664285cc2f12bf69c139ae4c3-le64.cache-4
7fd764063000-7fd764065000 r--s 00000000 08:07 290024                     /var/cache/fontconfig/767a8244fc0220cfb567a839d0392e0b-le64.cache-4
7fd764065000-7fd764066000 r--s 00000000 08:07 290018                     /var/cache/fontconfig/4794a0821666d79190d59a36cb4f44b5-le64.cache-4
7fd764066000-7fd76406b000 r--s 00000000 08:07 290026                     /var/cache/fontconfig/8801497958630a81b71ace7c5f9b32a8-le64.cache-4
7fd76406b000-7fd764072000 r--s 00000000 08:07 290014                     /var/cache/fontconfig/3047814df9a2f067bd2d96a2b9c36e5a-le64.cache-4
7fd764072000-7fd764073000 r--s 00000000 08:07 290020                     /var/cache/fontconfig/56cf4f4769d0f4abc89a4895d7bd3ae1-le64.cache-4
7fd764073000-7fd764074000 r--s 00000000 08:07 290032                     /var/cache/fontconfig/b9d506c9ac06c20b433354fa67a72993-le64.cache-4
7fd764074000-7fd76407a000 r--s 00000000 08:07 290031                     /var/cache/fontconfig/b47c4e1ecd0709278f4910c18777a504-le64.cache-4
7fd76407a000-7fd76408d000 r--s 00000000 08:07 290037                     /var/cache/fontconfig/d52a8644073d54c13679302ca1180695-le64.cache-4
7fd76408d000-7fd764096000 r--s 00000000 08:07 290017                     /var/cache/fontconfig/3f7329c5293ffd510edef78f73874cfd-le64.cache-4
7fd764096000-7fd7640a1000 r--s 00000000 08:07 298517                     /var/cache/fontconfig/d589a48862398ed80a3d6066f4f56f4c-le64.cache-4
7fd7640a1000-7fd7640ae000 r--s 00000000 08:07 267351                     /var/cache/fontconfig/e13b20fdb08344e0e664864cc2ede53d-le64.cache-4
7fd7640ae000-7fd7640b2000 r--s 00000000 08:07 295649                     /var/cache/fontconfig/7ef2298fde41cc6eeb7af42e48b7d293-le64.cache-4
7fd7640b2000-7fd7640b5000 ---p 00000000 00:00 0 
7fd7640b5000-7fd7641b3000 rw-p 00000000 00:00 0                          [stack:3005]
7fd7641b3000-7fd7641ba000 r--s 00000000 08:07 1705897                    /usr/lib/x86_64-linux-gnu/gconv/gconv-modules.cache
7fd7641ba000-7fd7641e0000 r--p 00000000 08:07 144190                     /usr/share/locale-langpack/es/LC_MESSAGES/libc.mo
7fd7641e0000-7fd7641f6000 r-xp 00000000 08:07 676025                     /usr/lib/jvm/java-8-oracle/jre/lib/amd64/libnet.so
7fd7641f6000-7fd7643f6000 ---p 00016000 08:07 676025                     /usr/lib/jvm/java-8-oracle/jre/lib/amd64/libnet.so
7fd7643f6000-7fd7643f7000 rw-p 00016000 08:07 676025                     /usr/lib/jvm/java-8-oracle/jre/lib/amd64/libnet.so
7fd7643f7000-7fd7643f8000 ---p 00000000 00:00 0 
7fd7643f8000-7fd7644f8000 rw-p 00000000 00:00 0                          [stack:3002]
7fd7644f8000-7fd7644fb000 ---p 00000000 00:00 0 
7fd7644fb000-7fd7645f9000 rw-p 00000000 00:00 0                          [stack:3001]
7fd7645f9000-7fd7645fc000 ---p 00000000 00:00 0 
7fd7645fc000-7fd7646fa000 rw-p 00000000 00:00 0                          [stack:3000]
7fd7646fa000-7fd7646fd000 ---p 00000000 00:00 0 
7fd7646fd000-7fd7647fb000 rw-p 00000000 00:00 0                          [stack:2999]
7fd7647fb000-7fd7647fe000 ---p 00000000 00:00 0 
7fd7647fe000-7fd7648fc000 rw-p 00000000 00:00 0                          [stack:2998]
7fd7648fc000-7fd7648ff000 ---p 00000000 00:00 0 
7fd7648ff000-7fd7649fd000 rw-p 00000000 00:00 0                          [stack:2997]
7fd7649fd000-7fd7650df000 r--p 00000000 08:07 1450048                    /usr/lib/locale/locale-archive
7fd7650df000-7fd7650e2000 ---p 00000000 00:00 0 
7fd7650e2000-7fd7651e0000 rw-p 00000000 00:00 0                          [stack:2995]
7fd7651e0000-7fd7651e3000 ---p 00000000 00:00 0 
7fd7651e3000-7fd7652e1000 rw-p 00000000 00:00 0                          [stack:2994]
7fd7652e1000-7fd7652e2000 ---p 00000000 00:00 0 
7fd7652e2000-7fd766333000 rw-p 00000000 00:00 0                          [stack:2989]
7fd766333000-7fd76650c000 r--s 03d1f000 08:07 1466452                    /usr/lib/jvm/java-8-oracle/jre/lib/rt.jar
7fd76650c000-7fd768cfd000 rw-p 00000000 00:00 0 
7fd768cfd000-7fd768cfe000 ---p 00000000 00:00 0 
7fd768cfe000-7fd768dfe000 rw-p 00000000 00:00 0                          [stack:2988]
7fd768dfe000-7fd768dff000 ---p 00000000 00:00 0 
7fd768dff000-7fd768eff000 rw-p 00000000 00:00 0                          [stack:2987]
7fd768eff000-7fd768f00000 ---p 00000000 00:00 0 
7fd768f00000-7fd769000000 rw-p 00000000 00:00 0                          [stack:2986]
7fd769000000-7fd769860000 rwxp 00000000 00:00 0 
7fd769860000-7fd778000000 ---p 00000000 00:00 0 
7fd778000000-7fd778406000 rw-p 00000000 00:00 0 
7fd778406000-7fd77c000000 ---p 00000000 00:00 0 
7fd77c000000-7fd77c001000 r--s 00000000 08:07 290009                     /var/cache/fontconfig/0c9eb80ebd1c36541ebe2852d3bb0c49-le64.cache-4
7fd77c001000-7fd77c007000 r--s 002f8000 08:07 1466456                    /usr/lib/jvm/java-8-oracle/jre/lib/charsets.jar
7fd77c007000-7fd77c012000 r--s 00073000 08:08 6161857                    /home/cindy/Descargas/smack_3_1_0/smackx.jar
7fd77c012000-7fd77c0eb000 rw-p 00000000 00:00 0 
7fd77c0eb000-7fd77c0ec000 ---p 00000000 00:00 0 
7fd77c0ec000-7fd77c201000 rw-p 00000000 00:00 0                          [stack:2985]
7fd77c201000-7fd77c32d000 ---p 00000000 00:00 0 
7fd77c32d000-7fd77c342000 rw-p 00000000 00:00 0 
7fd77c342000-7fd77c46d000 ---p 00000000 00:00 0 
7fd77c46d000-7fd77c478000 rw-p 00000000 00:00 0 
7fd77c478000-7fd77c50e000 ---p 00000000 00:00 0 
7fd77c50e000-7fd77c531000 rw-p 00000000 00:00 0 
7fd77c531000-7fd77c8cf000 ---p 00000000 00:00 0 
7fd77c8cf000-7fd77c8e9000 r-xp 00000000 08:07 676028                     /usr/lib/jvm/java-8-oracle/jre/lib/amd64/libzip.so
7fd77c8e9000-7fd77cae9000 ---p 0001a000 08:07 676028                     /usr/lib/jvm/java-8-oracle/jre/lib/amd64/libzip.so
7fd77cae9000-7fd77caea000 rw-p 0001a000 08:07 676028                     /usr/lib/jvm/java-8-oracle/jre/lib/amd64/libzip.so
7fd77caea000-7fd77caf5000 r-xp 00000000 08:07 397692                     /lib/x86_64-linux-gnu/libnss_files-2.19.so
7fd77caf5000-7fd77ccf4000 ---p 0000b000 08:07 397692                     /lib/x86_64-linux-gnu/libnss_files-2.19.so
7fd77ccf4000-7fd77ccf5000 r--p 0000a000 08:07 397692                     /lib/x86_64-linux-gnu/libnss_files-2.19.so
7fd77ccf5000-7fd77ccf6000 rw-p 0000b000 08:07 397692                     /lib/x86_64-linux-gnu/libnss_files-2.19.so
7fd77ccf6000-7fd77cd01000 r-xp 00000000 08:07 397702                     /lib/x86_64-linux-gnu/libnss_nis-2.19.so
7fd77cd01000-7fd77cf00000 ---p 0000b000 08:07 397702                     /lib/x86_64-linux-gnu/libnss_nis-2.19.so
7fd77cf00000-7fd77cf01000 r--p 0000a000 08:07 397702                     /lib/x86_64-linux-gnu/libnss_nis-2.19.so
7fd77cf01000-7fd77cf02000 rw-p 0000b000 08:07 397702                     /lib/x86_64-linux-gnu/libnss_nis-2.19.so
7fd77cf02000-7fd77cf19000 r-xp 00000000 08:07 397686                     /lib/x86_64-linux-gnu/libnsl-2.19.so
7fd77cf19000-7fd77d118000 ---p 00017000 08:07 397686                     /lib/x86_64-linux-gnu/libnsl-2.19.so
7fd77d118000-7fd77d119000 r--p 00016000 08:07 397686                     /lib/x86_64-linux-gnu/libnsl-2.19.so
7fd77d119000-7fd77d11a000 rw-p 00017000 08:07 397686                     /lib/x86_64-linux-gnu/libnsl-2.19.so
7fd77d11a000-7fd77d11c000 rw-p 00000000 00:00 0 
7fd77d11c000-7fd77d125000 r-xp 00000000 08:07 397688                     /lib/x86_64-linux-gnu/libnss_compat-2.19.so
7fd77d125000-7fd77d324000 ---p 00009000 08:07 397688                     /lib/x86_64-linux-gnu/libnss_compat-2.19.so
7fd77d324000-7fd77d325000 r--p 00008000 08:07 397688                     /lib/x86_64-linux-gnu/libnss_compat-2.19.so
7fd77d325000-7fd77d326000 rw-p 00009000 08:07 397688                     /lib/x86_64-linux-gnu/libnss_compat-2.19.so
7fd77d326000-7fd77d350000 r-xp 00000000 08:07 676033                     /usr/lib/jvm/java-8-oracle/jre/lib/amd64/libjava.so
7fd77d350000-7fd77d550000 ---p 0002a000 08:07 676033                     /usr/lib/jvm/java-8-oracle/jre/lib/amd64/libjava.so
7fd77d550000-7fd77d552000 rw-p 0002a000 08:07 676033                     /usr/lib/jvm/java-8-oracle/jre/lib/amd64/libjava.so
7fd77d552000-7fd77d55f000 r-xp 00000000 08:07 676026                     /usr/lib/jvm/java-8-oracle/jre/lib/amd64/libverify.so
7fd77d55f000-7fd77d75f000 ---p 0000d000 08:07 676026                     /usr/lib/jvm/java-8-oracle/jre/lib/amd64/libverify.so
7fd77d75f000-7fd77d761000 rw-p 0000d000 08:07 676026                     /usr/lib/jvm/java-8-oracle/jre/lib/amd64/libverify.so
7fd77d761000-7fd77d768000 r-xp 00000000 08:07 397745                     /lib/x86_64-linux-gnu/librt-2.19.so
7fd77d768000-7fd77d967000 ---p 00007000 08:07 397745                     /lib/x86_64-linux-gnu/librt-2.19.so
7fd77d967000-7fd77d968000 r--p 00006000 08:07 397745                     /lib/x86_64-linux-gnu/librt-2.19.so
7fd77d968000-7fd77d969000 rw-p 00007000 08:07 397745                     /lib/x86_64-linux-gnu/librt-2.19.so
7fd77d969000-7fd77da6e000 r-xp 00000000 08:07 397667                     /lib/x86_64-linux-gnu/libm-2.19.so
7fd77da6e000-7fd77dc6d000 ---p 00105000 08:07 397667                     /lib/x86_64-linux-gnu/libm-2.19.so
7fd77dc6d000-7fd77dc6e000 r--p 00104000 08:07 397667                     /lib/x86_64-linux-gnu/libm-2.19.so
7fd77dc6e000-7fd77dc6f000 rw-p 00105000 08:07 397667                     /lib/x86_64-linux-gnu/libm-2.19.so
7fd77dc6f000-7fd77e92f000 r-xp 00000000 08:07 676020                     /usr/lib/jvm/java-8-oracle/jre/lib/amd64/server/libjvm.so
7fd77e92f000-7fd77eb2f000 ---p 00cc0000 08:07 676020                     /usr/lib/jvm/java-8-oracle/jre/lib/amd64/server/libjvm.so
7fd77eb2f000-7fd77ec07000 rw-p 00cc0000 08:07 676020                     /usr/lib/jvm/java-8-oracle/jre/lib/amd64/server/libjvm.so
7fd77ec07000-7fd77ec52000 rw-p 00000000 00:00 0 
7fd77ec52000-7fd77ee0d000 r-xp 00000000 08:07 397617                     /lib/x86_64-linux-gnu/libc-2.19.so
7fd77ee0d000-7fd77f00d000 ---p 001bb000 08:07 397617                     /lib/x86_64-linux-gnu/libc-2.19.so
7fd77f00d000-7fd77f011000 r--p 001bb000 08:07 397617                     /lib/x86_64-linux-gnu/libc-2.19.so
7fd77f011000-7fd77f013000 rw-p 001bf000 08:07 397617                     /lib/x86_64-linux-gnu/libc-2.19.so
7fd77f013000-7fd77f018000 rw-p 00000000 00:00 0 
7fd77f018000-7fd77f01b000 r-xp 00000000 08:07 397634                     /lib/x86_64-linux-gnu/libdl-2.19.so
7fd77f01b000-7fd77f21a000 ---p 00003000 08:07 397634                     /lib/x86_64-linux-gnu/libdl-2.19.so
7fd77f21a000-7fd77f21b000 r--p 00002000 08:07 397634                     /lib/x86_64-linux-gnu/libdl-2.19.so
7fd77f21b000-7fd77f21c000 rw-p 00003000 08:07 397634                     /lib/x86_64-linux-gnu/libdl-2.19.so
7fd77f21c000-7fd77f231000 r-xp 00000000 08:07 928745                     /usr/lib/jvm/java-8-oracle/lib/amd64/jli/libjli.so
7fd77f231000-7fd77f431000 ---p 00015000 08:07 928745                     /usr/lib/jvm/java-8-oracle/lib/amd64/jli/libjli.so
7fd77f431000-7fd77f432000 rw-p 00015000 08:07 928745                     /usr/lib/jvm/java-8-oracle/lib/amd64/jli/libjli.so
7fd77f432000-7fd77f44b000 r-xp 00000000 08:07 397737                     /lib/x86_64-linux-gnu/libpthread-2.19.so
7fd77f44b000-7fd77f64a000 ---p 00019000 08:07 397737                     /lib/x86_64-linux-gnu/libpthread-2.19.so
7fd77f64a000-7fd77f64b000 r--p 00018000 08:07 397737                     /lib/x86_64-linux-gnu/libpthread-2.19.so
7fd77f64b000-7fd77f64c000 rw-p 00019000 08:07 397737                     /lib/x86_64-linux-gnu/libpthread-2.19.so
7fd77f64c000-7fd77f650000 rw-p 00000000 00:00 0 
7fd77f650000-7fd77f673000 r-xp 00000000 08:07 397593                     /lib/x86_64-linux-gnu/ld-2.19.so
7fd77f673000-7fd77f676000 r--s 00019000 08:08 5640966                    /home/cindy/Descargas/smackx-pubsub.0.6.jar
7fd77f676000-7fd77f67c000 r--s 00040000 08:08 6161854                    /home/cindy/Descargas/smack_3_1_0/smack.jar
7fd77f67c000-7fd77f74e000 rw-p 00000000 00:00 0 
7fd77f74e000-7fd77f751000 ---p 00000000 00:00 0 
7fd77f751000-7fd77f866000 rw-p 00000000 00:00 0                          [stack:2984]
7fd77f866000-7fd77f86e000 rw-s 00000000 08:07 668404                     /tmp/hsperfdata_cindy/2982
7fd77f86e000-7fd77f86f000 rw-p 00000000 00:00 0 
7fd77f86f000-7fd77f870000 r--p 00000000 00:00 0 
7fd77f870000-7fd77f872000 rw-p 00000000 00:00 0 
7fd77f872000-7fd77f873000 r--p 00022000 08:07 397593                     /lib/x86_64-linux-gnu/ld-2.19.so
7fd77f873000-7fd77f874000 rw-p 00023000 08:07 397593                     /lib/x86_64-linux-gnu/ld-2.19.so
7fd77f874000-7fd77f875000 rw-p 00000000 00:00 0 
7fffafffd000-7fffb001e000 rw-p 00000000 00:00 0                          [stack]
7fffb009e000-7fffb00a0000 r-xp 00000000 00:00 0                          [vdso]
7fffb00a0000-7fffb00a2000 r--p 00000000 00:00 0                          [vvar]
ffffffffff600000-ffffffffff601000 r-xp 00000000 00:00 0                  [vsyscall]

VM Arguments:
jvm_args: -Dfile.encoding=UTF-8 
java_command: chat.Publisher
java_class_path (initial): /home/cindy/workspace/ChatPubSub/bin:/home/cindy/Descargas/smack_3_1_0/smack.jar:/home/cindy/Descargas/smackx-pubsub.0.6.jar:/home/cindy/Descargas/smack_3_1_0/smackx.jar
Launcher Type: SUN_STANDARD

Environment Variables:
JAVA_HOME=/usr/lib/jvm/java-8-oracle
PATH=/usr/local/sbin:/usr/local/bin:/usr/sbin:/usr/bin:/sbin:/bin:/usr/games:/usr/local/games:/usr/lib/jvm/java-8-oracle/bin:/usr/lib/jvm/java-8-oracle/db/bin:/usr/lib/jvm/java-8-oracle/jre/bin
SHELL=/bin/bash
DISPLAY=:0

Signal Handlers:
SIGSEGV: [libjvm.so+0xabca10], sa_mask[0]=11111111011111111101111111111110, sa_flags=SA_RESTART|SA_SIGINFO
SIGBUS: [libjvm.so+0xabca10], sa_mask[0]=11111111011111111101111111111110, sa_flags=SA_RESTART|SA_SIGINFO
SIGFPE: [libjvm.so+0x919a20], sa_mask[0]=11111111011111111101111111111110, sa_flags=SA_RESTART|SA_SIGINFO
SIGPIPE: [libjvm.so+0x919a20], sa_mask[0]=11111111011111111101111111111110, sa_flags=SA_RESTART|SA_SIGINFO
SIGXFSZ: [libjvm.so+0x919a20], sa_mask[0]=11111111011111111101111111111110, sa_flags=SA_RESTART|SA_SIGINFO
SIGILL: [libjvm.so+0x919a20], sa_mask[0]=11111111011111111101111111111110, sa_flags=SA_RESTART|SA_SIGINFO
SIGUSR1: SIG_DFL, sa_mask[0]=00000000000000000000000000000000, sa_flags=none
SIGUSR2: [libjvm.so+0x91b050], sa_mask[0]=00100000000000000000000000000000, sa_flags=SA_RESTART|SA_SIGINFO
SIGHUP: [libjvm.so+0x91c450], sa_mask[0]=11111111011111111101111111111110, sa_flags=SA_RESTART|SA_SIGINFO
SIGINT: [libjvm.so+0x91c450], sa_mask[0]=11111111011111111101111111111110, sa_flags=SA_RESTART|SA_SIGINFO
SIGTERM: [libjvm.so+0x91c450], sa_mask[0]=11111111011111111101111111111110, sa_flags=SA_RESTART|SA_SIGINFO
SIGQUIT: [libjvm.so+0x91c450], sa_mask[0]=11111111011111111101111111111110, sa_flags=SA_RESTART|SA_SIGINFO


---------------  S Y S T E M  ---------------

OS:DISTRIB_ID=Ubuntu
DISTRIB_RELEASE=14.04
DISTRIB_CODENAME=trusty
DISTRIB_DESCRIPTION="Ubuntu 14.04.2 LTS"

uname:Linux 3.16.0-30-generic #40~14.04.1-Ubuntu SMP Thu Jan 15 17:43:14 UTC 2015 x86_64
libc:glibc 2.19 NPTL 2.19 
rlimit: STACK 8192k, CORE 0k, NPROC 15063, NOFILE 4096, AS infinity
load average:6,56 1,84 0,91

/proc/meminfo:
MemTotal:        3934368 kB
MemFree:         2287292 kB
MemAvailable:    2415640 kB
Buffers:           23064 kB
Cached:           383692 kB
SwapCached:        65432 kB
Active:          1160712 kB
Inactive:         313968 kB
Active(anon):    1009472 kB
Inactive(anon):   195112 kB
Active(file):     151240 kB
Inactive(file):   118856 kB
Unevictable:          32 kB
Mlocked:              32 kB
SwapTotal:       1952764 kB
SwapFree:        1497540 kB
Dirty:              1116 kB
Writeback:             0 kB
AnonPages:       1022632 kB
Mapped:           190356 kB
Shmem:            136264 kB
Slab:              89052 kB
SReclaimable:      54356 kB
SUnreclaim:        34696 kB
KernelStack:        7744 kB
PageTables:        22004 kB
NFS_Unstable:          0 kB
Bounce:                0 kB
WritebackTmp:          0 kB
CommitLimit:     3919948 kB
Committed_AS:    4377544 kB
VmallocTotal:   34359738367 kB
VmallocUsed:      544952 kB
VmallocChunk:   34359145768 kB
HardwareCorrupted:     0 kB
AnonHugePages:    391168 kB
HugePages_Total:       0
HugePages_Free:        0
HugePages_Rsvd:        0
HugePages_Surp:        0
Hugepagesize:       2048 kB
DirectMap4k:       67324 kB
DirectMap2M:     4014080 kB


CPU:total 4 (2 cores per cpu, 2 threads per core) family 6 model 58 stepping 9, cmov, cx8, fxsr, mmx, sse, sse2, sse3, ssse3, sse4.1, sse4.2, popcnt, avx, clmul, erms, ht, tsc, tscinvbit, tscinv

/proc/cpuinfo:
processor	: 0
vendor_id	: GenuineIntel
cpu family	: 6
model		: 58
model name	: Intel(R) Core(TM) i3-3110M CPU @ 2.40GHz
stepping	: 9
microcode	: 0x17
cpu MHz		: 1868.812
cache size	: 3072 KB
physical id	: 0
siblings	: 4
core id		: 0
cpu cores	: 2
apicid		: 0
initial apicid	: 0
fpu		: yes
fpu_exception	: yes
cpuid level	: 13
wp		: yes
flags		: fpu vme de pse tsc msr pae mce cx8 apic sep mtrr pge mca cmov pat pse36 clflush dts acpi mmx fxsr sse sse2 ss ht tm pbe syscall nx rdtscp lm constant_tsc arch_perfmon pebs bts rep_good nopl xtopology nonstop_tsc aperfmperf eagerfpu pni pclmulqdq dtes64 monitor ds_cpl vmx est tm2 ssse3 cx16 xtpr pdcm pcid sse4_1 sse4_2 x2apic popcnt tsc_deadline_timer xsave avx f16c lahf_lm arat epb xsaveopt pln pts dtherm tpr_shadow vnmi flexpriority ept vpid fsgsbase smep erms
bogomips	: 4789.28
clflush size	: 64
cache_alignment	: 64
address sizes	: 36 bits physical, 48 bits virtual
power management:

processor	: 1
vendor_id	: GenuineIntel
cpu family	: 6
model		: 58
model name	: Intel(R) Core(TM) i3-3110M CPU @ 2.40GHz
stepping	: 9
microcode	: 0x17
cpu MHz		: 2013.375
cache size	: 3072 KB
physical id	: 0
siblings	: 4
core id		: 0
cpu cores	: 2
apicid		: 1
initial apicid	: 1
fpu		: yes
fpu_exception	: yes
cpuid level	: 13
wp		: yes
flags		: fpu vme de pse tsc msr pae mce cx8 apic sep mtrr pge mca cmov pat pse36 clflush dts acpi mmx fxsr sse sse2 ss ht tm pbe syscall nx rdtscp lm constant_tsc arch_perfmon pebs bts rep_good nopl xtopology nonstop_tsc aperfmperf eagerfpu pni pclmulqdq dtes64 monitor ds_cpl vmx est tm2 ssse3 cx16 xtpr pdcm pcid sse4_1 sse4_2 x2apic popcnt tsc_deadline_timer xsave avx f16c lahf_lm arat epb xsaveopt pln pts dtherm tpr_shadow vnmi flexpriority ept vpid fsgsbase smep erms
bogomips	: 4789.28
clflush size	: 64
cache_alignment	: 64
address sizes	: 36 bits physical, 48 bits virtual
power management:

processor	: 2
vendor_id	: GenuineIntel
cpu family	: 6
model		: 58
model name	: Intel(R) Core(TM) i3-3110M CPU @ 2.40GHz
stepping	: 9
microcode	: 0x17
cpu MHz		: 2214.093
cache size	: 3072 KB
physical id	: 0
siblings	: 4
core id		: 1
cpu cores	: 2
apicid		: 2
initial apicid	: 2
fpu		: yes
fpu_exception	: yes
cpuid level	: 13
wp		: yes
flags		: fpu vme de pse tsc msr pae mce cx8 apic sep mtrr pge mca cmov pat pse36 clflush dts acpi mmx fxsr sse sse2 ss ht tm pbe syscall nx rdtscp lm constant_tsc arch_perfmon pebs bts rep_good nopl xtopology nonstop_tsc aperfmperf eagerfpu pni pclmulqdq dtes64 monitor ds_cpl vmx est tm2 ssse3 cx16 xtpr pdcm pcid sse4_1 sse4_2 x2apic popcnt tsc_deadline_timer xsave avx f16c lahf_lm arat epb xsaveopt pln pts dtherm tpr_shadow vnmi flexpriority ept vpid fsgsbase smep erms
bogomips	: 4789.28
clflush size	: 64
cache_alignment	: 64
address sizes	: 36 bits physical, 48 bits virtual
power management:

processor	: 3
vendor_id	: GenuineIntel
cpu family	: 6
model		: 58
model name	: Intel(R) Core(TM) i3-3110M CPU @ 2.40GHz
stepping	: 9
microcode	: 0x17
cpu MHz		: 2288.343
cache size	: 3072 KB
physical id	: 0
siblings	: 4
core id		: 1
cpu cores	: 2
apicid		: 3
initial apicid	: 3
fpu		: yes
fpu_exception	: yes
cpuid level	: 13
wp		: yes
flags		: fpu vme de pse tsc msr pae mce cx8 apic sep mtrr pge mca cmov pat pse36 clflush dts acpi mmx fxsr sse sse2 ss ht tm pbe syscall nx rdtscp lm constant_tsc arch_perfmon pebs bts rep_good nopl xtopology nonstop_tsc aperfmperf eagerfpu pni pclmulqdq dtes64 monitor ds_cpl vmx est tm2 ssse3 cx16 xtpr pdcm pcid sse4_1 sse4_2 x2apic popcnt tsc_deadline_timer xsave avx f16c lahf_lm arat epb xsaveopt pln pts dtherm tpr_shadow vnmi flexpriority ept vpid fsgsbase smep erms
bogomips	: 4789.28
clflush size	: 64
cache_alignment	: 64
address sizes	: 36 bits physical, 48 bits virtual
power management:



Memory: 4k page, physical 3934368k(2287292k free), swap 1952764k(1497540k free)

vm_info: Java HotSpot(TM) 64-Bit Server VM (25.91-b14) for linux-amd64 JRE (1.8.0_91-b14), built on Apr  1 2016 00:57:21 by "java_re" with gcc 4.3.0 20080428 (Red Hat 4.3.0-8)

time: Tue Aug  2 20:34:56 2016
elapsed time: 10215 seconds (0d 2h 50m 15s)

